Unity Editor version:    2022.3.4f1 (35713cd46cd7)
Branch:                  2022.3/staging
Build type:              Release
Batch mode:              YES
macOS version:           Version 13.4.1 (c) (Build 22F770820d)
Darwin version:          22.5.0
Architecture:            arm64
Running under Rosetta:   NO
Available memory:        8192 MB
Using pre-set license
Pro License: YES

COMMAND LINE ARGUMENTS:
/Applications/Unity/Hub/Editor/2022.3.4f1/Unity.app/Contents/MacOS/Unity
-adb2
-batchMode
-noUpm
-name
AssetImportWorker0
-projectPath
/Users/arinsanghi/Downloads/game
-logFile
Logs/AssetImportWorker0.log
-srvPort
51742
Successfully changed project path to: /Users/arinsanghi/Downloads/game
/Users/arinsanghi/Downloads/game
[UnityMemory] Configuration Parameters - Can be set up in boot.config
    "memorysetup-bucket-allocator-granularity=16"
    "memorysetup-bucket-allocator-bucket-count=8"
    "memorysetup-bucket-allocator-block-size=33554432"
    "memorysetup-bucket-allocator-block-count=8"
    "memorysetup-main-allocator-block-size=16777216"
    "memorysetup-thread-allocator-block-size=16777216"
    "memorysetup-gfx-main-allocator-block-size=16777216"
    "memorysetup-gfx-thread-allocator-block-size=16777216"
    "memorysetup-cache-allocator-block-size=4194304"
    "memorysetup-typetree-allocator-block-size=2097152"
    "memorysetup-profiler-bucket-allocator-granularity=16"
    "memorysetup-profiler-bucket-allocator-bucket-count=8"
    "memorysetup-profiler-bucket-allocator-block-size=33554432"
    "memorysetup-profiler-bucket-allocator-block-count=8"
    "memorysetup-profiler-allocator-block-size=16777216"
    "memorysetup-profiler-editor-allocator-block-size=1048576"
    "memorysetup-temp-allocator-size-main=16777216"
    "memorysetup-job-temp-allocator-block-size=2097152"
    "memorysetup-job-temp-allocator-block-size-background=1048576"
    "memorysetup-job-temp-allocator-reduction-small-platforms=262144"
    "memorysetup-allocator-temp-initial-block-size-main=262144"
    "memorysetup-allocator-temp-initial-block-size-worker=262144"
    "memorysetup-temp-allocator-size-background-worker=32768"
    "memorysetup-temp-allocator-size-job-worker=262144"
    "memorysetup-temp-allocator-size-preload-manager=33554432"
    "memorysetup-temp-allocator-size-nav-mesh-worker=65536"
    "memorysetup-temp-allocator-size-audio-worker=65536"
    "memorysetup-temp-allocator-size-cloud-worker=32768"
    "memorysetup-temp-allocator-size-gi-baking-worker=262144"
    "memorysetup-temp-allocator-size-gfx=262144"
Player connection [8406539776] Host "[IP] 192.168.1.47 [Port] 0 [Flags] 2 [Guid] 2385994924 [EditorId] 2385994924 [Version] 1048832 [Id] OSXEditor(0,Arins-MacBook-Air.local) [Debug] 1 [PackageName] OSXEditor [ProjectName] Editor" joined multi-casting on [225.0.0.222:54997]...

Player connection [8406539776] Host "[IP] 192.168.1.47 [Port] 0 [Flags] 2 [Guid] 2385994924 [EditorId] 2385994924 [Version] 1048832 [Id] OSXEditor(0,Arins-MacBook-Air.local) [Debug] 1 [PackageName] OSXEditor [ProjectName] Editor" joined alternative multi-casting on [225.0.0.222:34997]...

Refreshing native plugins compatible for Editor in 7.70 ms, found 2 plugins.
Preloading 0 native plugins for Editor in 0.00 ms.
Initialize engine version: 2022.3.4f1 (35713cd46cd7)
[Subsystems] Discovering subsystems at path /Applications/Unity/Hub/Editor/2022.3.4f1/Unity.app/Contents/Resources/UnitySubsystems
[Subsystems] Discovering subsystems at path /Users/arinsanghi/Downloads/game/Assets
GfxDevice: creating device client; threaded=0; jobified=0
 preferred device: Apple M1 (high power)
Metal devices available: 1
0: Apple M1 (high power)
Using device Apple M1 (high power)
Initializing Metal device caps: Apple M1
Initialize mono
Mono path[0] = '/Applications/Unity/Hub/Editor/2022.3.4f1/Unity.app/Contents/Managed'
Mono path[1] = '/Applications/Unity/Hub/Editor/2022.3.4f1/Unity.app/Contents/MonoBleedingEdge/lib/mono/unityjit-macos'
Mono config path = '/Applications/Unity/Hub/Editor/2022.3.4f1/Unity.app/Contents/MonoBleedingEdge/etc'
Using monoOptions --debugger-agent=transport=dt_socket,embedding=1,server=y,suspend=n,address=127.0.0.1:56146
Begin MonoManager ReloadAssembly
Registering precompiled unity dll's ...
Register platform support module: /Applications/Unity/Hub/Editor/2022.3.4f1/Unity.app/Contents/PlaybackEngines/MacStandaloneSupport/UnityEditor.OSXStandalone.Extensions.dll
Register platform support module: /Applications/Unity/Hub/Editor/2022.3.4f1/PlaybackEngines/AndroidPlayer/UnityEditor.Android.Extensions.dll
Registered in 0.002431 seconds.
- Loaded All Assemblies, in  0.233 seconds
Native extension for Android target not found
Android Extension - Scanning For ADB Devices 149 ms
Native extension for OSXStandalone target not found
Mono: successfully reloaded assembly
- Finished resetting the current domain, in  0.354 seconds
Domain Reload Profiling: 587ms
	BeginReloadAssembly (67ms)
		ExecutionOrderSort (0ms)
		DisableScriptedObjects (0ms)
		BackupInstance (0ms)
		ReleaseScriptingObjects (0ms)
		CreateAndSetChildDomain (1ms)
	RebuildCommonClasses (25ms)
	RebuildNativeTypeToScriptingClass (8ms)
	initialDomainReloadingComplete (32ms)
	LoadAllAssembliesAndSetupDomain (102ms)
		LoadAssemblies (66ms)
		RebuildTransferFunctionScriptingTraits (0ms)
		AnalyzeDomain (98ms)
			TypeCache.Refresh (98ms)
				TypeCache.ScanAssembly (89ms)
			ScanForSourceGeneratedMonoScriptInfo (0ms)
			ResolveRequiredComponents (0ms)
	FinalizeReload (354ms)
		ReleaseScriptCaches (0ms)
		RebuildScriptCaches (0ms)
		SetupLoadedEditorAssemblies (318ms)
			LogAssemblyErrors (0ms)
			InitializePlatformSupportModulesInManaged (238ms)
			SetLoadedEditorAssemblies (3ms)
			RefreshPlugins (0ms)
			BeforeProcessingInitializeOnLoad (2ms)
			ProcessInitializeOnLoadAttributes (50ms)
			ProcessInitializeOnLoadMethodAttributes (26ms)
			AfterProcessingInitializeOnLoad (0ms)
			EditorAssembliesLoaded (0ms)
		ExecutionOrderSort2 (0ms)
		AwakeInstancesAfterBackupRestoration (0ms)
========================================================================
Worker process is ready to serve import requests
Begin MonoManager ReloadAssembly
Symbol file LoadedFromMemory doesn't match image /Users/arinsanghi/Downloads/game/Library/PackageCache/com.unity.visualscripting@1.8.0/Editor/VisualScripting.Core/Dependencies/YamlDotNet/Unity.VisualScripting.YamlDotNet.dll
Symbol file LoadedFromMemory doesn't match image /Users/arinsanghi/Downloads/game/Library/PackageCache/com.unity.visualscripting@1.8.0/Editor/VisualScripting.Core/Dependencies/DotNetZip/Unity.VisualScripting.IonicZip.dll
- Loaded All Assemblies, in  0.471 seconds
Refreshing native plugins compatible for Editor in 1.65 ms, found 2 plugins.
Native extension for Android target not found
Native extension for OSXStandalone target not found
Mono: successfully reloaded assembly
- Finished resetting the current domain, in  0.331 seconds
Domain Reload Profiling: 802ms
	BeginReloadAssembly (70ms)
		ExecutionOrderSort (0ms)
		DisableScriptedObjects (3ms)
		BackupInstance (0ms)
		ReleaseScriptingObjects (0ms)
		CreateAndSetChildDomain (19ms)
	RebuildCommonClasses (22ms)
	RebuildNativeTypeToScriptingClass (8ms)
	initialDomainReloadingComplete (22ms)
	LoadAllAssembliesAndSetupDomain (350ms)
		LoadAssemblies (171ms)
		RebuildTransferFunctionScriptingTraits (0ms)
		AnalyzeDomain (203ms)
			TypeCache.Refresh (192ms)
				TypeCache.ScanAssembly (183ms)
			ScanForSourceGeneratedMonoScriptInfo (8ms)
			ResolveRequiredComponents (3ms)
	FinalizeReload (331ms)
		ReleaseScriptCaches (0ms)
		RebuildScriptCaches (0ms)
		SetupLoadedEditorAssemblies (215ms)
			LogAssemblyErrors (0ms)
			InitializePlatformSupportModulesInManaged (12ms)
			SetLoadedEditorAssemblies (3ms)
			RefreshPlugins (0ms)
			BeforeProcessingInitializeOnLoad (33ms)
			ProcessInitializeOnLoadAttributes (156ms)
			ProcessInitializeOnLoadMethodAttributes (10ms)
			AfterProcessingInitializeOnLoad (1ms)
			EditorAssembliesLoaded (0ms)
		ExecutionOrderSort2 (0ms)
		AwakeInstancesAfterBackupRestoration (2ms)
Launching external process: /Applications/Unity/Hub/Editor/2022.3.4f1/Unity.app/Contents/Tools/UnityShaderCompiler
Launched and connected shader compiler UnityShaderCompiler after 0.05 seconds
Refreshing native plugins compatible for Editor in 0.80 ms, found 2 plugins.
Preloading 0 native plugins for Editor in 0.00 ms.
Unloading 3509 Unused Serialized files (Serialized files now loaded: 0)
Unloading 38 unused Assets / (51.3 KB). Loaded Objects now: 3977.
Memory consumption went from 133.8 MB to 133.8 MB.
Total: 2.504166 ms (FindLiveObjects: 0.123208 ms CreateObjectMapping: 0.043167 ms MarkObjects: 2.266375 ms  DeleteObjects: 0.071000 ms)

AssetImportParameters requested are different than current active one (requested -> active):
  custom:container-demuxer-ogg: 62fdf1f143b41e24485cea50d1cbac27 -> 
  custom:video-decoder-ogg-theora: a1e56fd34408186e4bbccfd4996cb3dc -> 
  custom:container-demuxer-webm: 4f35f7cbe854078d1ac9338744f61a02 -> 
  custom:container-muxer-webm: aa71ff27fc2769a1b78a27578f13a17b -> 
  custom:video-decoder-webm-vp8: 9c59270c3fd7afecdb556c50c9e8de78 -> 
  custom:AudioImporter_EditorPlatform: 3918e3fc78b5a79bad01e8451be0beb8 -> 
  custom:framework-osx-AVFoundation: e770b220cccbd017edd2c1fefb359320 -> 
  custom:video-encoder-webm-vp8: eb34c28f22e8b96e1ab97ce403110664 -> 
  custom:audio-decoder-ogg-vorbis: bf7c407c2cedff20999df2af8eb42d56 -> 
  custom:audio-encoder-webm-vorbis: bf7c407c2cedff20999df2af8eb42d56 -> 
========================================================================
Received Import Request.
  Time since last request: 199879.679954 seconds.
  path: Assets/Scenes
  artifactKey: Guid(6ea315d0fd7389c41b19996891e99ae3) Importer(815301076,1909f56bfc062723c751e8b465ee728b)
Start importing Assets/Scenes using Guid(6ea315d0fd7389c41b19996891e99ae3) Importer(815301076,1909f56bfc062723c751e8b465ee728b)  -> (artifact id: '81c328eaa686ea6ec9a8a9505cc07a90') in 0.001741 seconds
Number of updated asset objects reloaded before import = 0
Number of asset objects unloaded after import = 0
========================================================================
Received Import Request.
  Time since last request: 0.000052 seconds.
  path: Assets/Scenes/SampleScene.unity
  artifactKey: Guid(9fc0d4010bbf28b4594072e72b8655ab) Importer(815301076,1909f56bfc062723c751e8b465ee728b)
Start importing Assets/Scenes/SampleScene.unity using Guid(9fc0d4010bbf28b4594072e72b8655ab) Importer(815301076,1909f56bfc062723c751e8b465ee728b)  -> (artifact id: '9811fc00a83fb3046ed5faacc4e5e6e3') in 0.000149 seconds
Number of updated asset objects reloaded before import = 0
Number of asset objects unloaded after import = 0
========================================================================
Received Prepare
Refreshing native plugins compatible for Editor in 4.06 ms, found 2 plugins.
Preloading 0 native plugins for Editor in 0.00 ms.
Unloading 0 Unused Serialized files (Serialized files now loaded: 0)
Unloading 1 unused Assets / (0.8 KB). Loaded Objects now: 3977.
Memory consumption went from 77.1 MB to 77.1 MB.
Total: 10.267833 ms (FindLiveObjects: 0.179125 ms CreateObjectMapping: 0.206875 ms MarkObjects: 9.833417 ms  DeleteObjects: 0.047291 ms)

Prepare: number of updated asset objects reloaded= 0
AssetImportParameters requested are different than current active one (requested -> active):
  custom:container-demuxer-ogg: 62fdf1f143b41e24485cea50d1cbac27 -> 
  custom:video-decoder-ogg-theora: a1e56fd34408186e4bbccfd4996cb3dc -> 
  custom:CustomObjectIndexerAttribute: 756ad292c208cfabdd7b50bc23989ffe -> 
  custom:container-demuxer-webm: 4f35f7cbe854078d1ac9338744f61a02 -> 
  custom:container-muxer-webm: aa71ff27fc2769a1b78a27578f13a17b -> 
  custom:video-decoder-webm-vp8: 9c59270c3fd7afecdb556c50c9e8de78 -> 
  custom:AudioImporter_EditorPlatform: 3918e3fc78b5a79bad01e8451be0beb8 -> 
  custom:framework-osx-AVFoundation: e770b220cccbd017edd2c1fefb359320 -> 
  custom:video-encoder-webm-vp8: eb34c28f22e8b96e1ab97ce403110664 -> 
  custom:audio-decoder-ogg-vorbis: bf7c407c2cedff20999df2af8eb42d56 -> 
  custom:audio-encoder-webm-vorbis: bf7c407c2cedff20999df2af8eb42d56 -> 
========================================================================
Received Import Request.
  Time since last request: 35.471002 seconds.
  path: Assets/Script
  artifactKey: Guid(f967c3732ee54ce4cb2062c07211b6d7) Importer(815301076,1909f56bfc062723c751e8b465ee728b)
Start importing Assets/Script using Guid(f967c3732ee54ce4cb2062c07211b6d7) Importer(815301076,1909f56bfc062723c751e8b465ee728b)  -> (artifact id: '4f782e179c8f6c86c00a77734f3afef1') in 0.021117 seconds
Number of updated asset objects reloaded before import = 0
Number of asset objects unloaded after import = 0
========================================================================
Received Import Request.
  Time since last request: 0.938394 seconds.
  path: Assets/Script/CameraJoystickControllre.cs
  artifactKey: Guid(5938b14ddeb66f946890f340e816d602) Importer(815301076,1909f56bfc062723c751e8b465ee728b)
Start importing Assets/Script/CameraJoystickControllre.cs using Guid(5938b14ddeb66f946890f340e816d602) Importer(815301076,1909f56bfc062723c751e8b465ee728b)  -> (artifact id: '5dedd08969f18e9411b5d31d55516d19') in 0.000319 seconds
Number of updated asset objects reloaded before import = 0
Number of asset objects unloaded after import = 0
========================================================================
Received Import Request.
  Time since last request: 51.447888 seconds.
  path: Assets/Script/CameraJoystickControllre.cs
  artifactKey: Guid(5938b14ddeb66f946890f340e816d602) Importer(815301076,1909f56bfc062723c751e8b465ee728b)
Start importing Assets/Script/CameraJoystickControllre.cs using Guid(5938b14ddeb66f946890f340e816d602) Importer(815301076,1909f56bfc062723c751e8b465ee728b)  -> (artifact id: '707b31880b40706193eb0353f0010d10') in 0.008248 seconds
Number of updated asset objects reloaded before import = 0
Number of asset objects unloaded after import = 0
========================================================================
Received Prepare
Begin MonoManager ReloadAssembly
Thread 0x28bf87000 may have been prematurely finalized
Symbol file LoadedFromMemory doesn't match image /Users/arinsanghi/Downloads/game/Library/PackageCache/com.unity.visualscripting@1.8.0/Editor/VisualScripting.Core/Dependencies/YamlDotNet/Unity.VisualScripting.YamlDotNet.dll
Symbol file LoadedFromMemory doesn't match image /Users/arinsanghi/Downloads/game/Library/PackageCache/com.unity.visualscripting@1.8.0/Editor/VisualScripting.Core/Dependencies/DotNetZip/Unity.VisualScripting.IonicZip.dll
- Loaded All Assemblies, in  0.470 seconds
Refreshing native plugins compatible for Editor in 1.19 ms, found 2 plugins.
Native extension for Android target not found
Native extension for OSXStandalone target not found
Mono: successfully reloaded assembly
- Finished resetting the current domain, in  0.557 seconds
Domain Reload Profiling: 1027ms
	BeginReloadAssembly (101ms)
		ExecutionOrderSort (0ms)
		DisableScriptedObjects (3ms)
		BackupInstance (0ms)
		ReleaseScriptingObjects (0ms)
		CreateAndSetChildDomain (41ms)
	RebuildCommonClasses (23ms)
	RebuildNativeTypeToScriptingClass (8ms)
	initialDomainReloadingComplete (13ms)
	LoadAllAssembliesAndSetupDomain (325ms)
		LoadAssemblies (150ms)
		RebuildTransferFunctionScriptingTraits (0ms)
		AnalyzeDomain (205ms)
			TypeCache.Refresh (195ms)
				TypeCache.ScanAssembly (186ms)
			ScanForSourceGeneratedMonoScriptInfo (7ms)
			ResolveRequiredComponents (3ms)
	FinalizeReload (557ms)
		ReleaseScriptCaches (0ms)
		RebuildScriptCaches (0ms)
		SetupLoadedEditorAssemblies (190ms)
			LogAssemblyErrors (0ms)
			InitializePlatformSupportModulesInManaged (11ms)
			SetLoadedEditorAssemblies (3ms)
			RefreshPlugins (0ms)
			BeforeProcessingInitializeOnLoad (37ms)
			ProcessInitializeOnLoadAttributes (129ms)
			ProcessInitializeOnLoadMethodAttributes (9ms)
			AfterProcessingInitializeOnLoad (1ms)
			EditorAssembliesLoaded (0ms)
		ExecutionOrderSort2 (0ms)
		AwakeInstancesAfterBackupRestoration (2ms)
Refreshing native plugins compatible for Editor in 0.79 ms, found 2 plugins.
Preloading 0 native plugins for Editor in 0.00 ms.
Unloading 3500 Unused Serialized files (Serialized files now loaded: 0)
Unloading 23 unused Assets / (31.1 KB). Loaded Objects now: 3980.
Memory consumption went from 137.3 MB to 137.2 MB.
Total: 2.498250 ms (FindLiveObjects: 0.121459 ms CreateObjectMapping: 0.049083 ms MarkObjects: 2.293000 ms  DeleteObjects: 0.034083 ms)

Prepare: number of updated asset objects reloaded= 0
AssetImportParameters requested are different than current active one (requested -> active):
  custom:container-demuxer-ogg: 62fdf1f143b41e24485cea50d1cbac27 -> 
  custom:video-decoder-ogg-theora: a1e56fd34408186e4bbccfd4996cb3dc -> 
  custom:CustomObjectIndexerAttribute: 756ad292c208cfabdd7b50bc23989ffe -> 
  custom:container-demuxer-webm: 4f35f7cbe854078d1ac9338744f61a02 -> 
  custom:container-muxer-webm: aa71ff27fc2769a1b78a27578f13a17b -> 
  custom:video-decoder-webm-vp8: 9c59270c3fd7afecdb556c50c9e8de78 -> 
  custom:AudioImporter_EditorPlatform: 3918e3fc78b5a79bad01e8451be0beb8 -> 
  custom:framework-osx-AVFoundation: e770b220cccbd017edd2c1fefb359320 -> 
  custom:video-encoder-webm-vp8: eb34c28f22e8b96e1ab97ce403110664 -> 
  custom:audio-decoder-ogg-vorbis: bf7c407c2cedff20999df2af8eb42d56 -> 
  custom:audio-encoder-webm-vorbis: bf7c407c2cedff20999df2af8eb42d56 -> 
========================================================================
Received Prepare
Refreshing native plugins compatible for Editor in 1.99 ms, found 2 plugins.
Preloading 0 native plugins for Editor in 0.00 ms.
Unloading 1 Unused Serialized files (Serialized files now loaded: 0)
Unloading 1 unused Assets / (3.0 KB). Loaded Objects now: 3980.
Memory consumption went from 83.2 MB to 83.2 MB.
Total: 11.660833 ms (FindLiveObjects: 0.286791 ms CreateObjectMapping: 0.046292 ms MarkObjects: 11.282375 ms  DeleteObjects: 0.044750 ms)

Prepare: number of updated asset objects reloaded= 0
AssetImportParameters requested are different than current active one (requested -> active):
  custom:container-demuxer-ogg: 62fdf1f143b41e24485cea50d1cbac27 -> 
  custom:video-decoder-ogg-theora: a1e56fd34408186e4bbccfd4996cb3dc -> 
  custom:CustomObjectIndexerAttribute: 756ad292c208cfabdd7b50bc23989ffe -> 
  custom:container-demuxer-webm: 4f35f7cbe854078d1ac9338744f61a02 -> 
  custom:container-muxer-webm: aa71ff27fc2769a1b78a27578f13a17b -> 
  custom:video-decoder-webm-vp8: 9c59270c3fd7afecdb556c50c9e8de78 -> 
  custom:AudioImporter_EditorPlatform: 3918e3fc78b5a79bad01e8451be0beb8 -> 
  custom:framework-osx-AVFoundation: e770b220cccbd017edd2c1fefb359320 -> 
  custom:video-encoder-webm-vp8: eb34c28f22e8b96e1ab97ce403110664 -> 
  custom:audio-decoder-ogg-vorbis: bf7c407c2cedff20999df2af8eb42d56 -> 
  custom:audio-encoder-webm-vorbis: bf7c407c2cedff20999df2af8eb42d56 -> 
========================================================================
Received Import Request.
  Time since last request: 137.673461 seconds.
  path: Assets/Joystick Pack/Documentaion.pdf
  artifactKey: Guid(cfa813ed406827e43b967abd54ab5b9a) Importer(2089858483,0ecaa5967403d082aa24f35e1b516d23)
Start importing Assets/Joystick Pack/Documentaion.pdf using Guid(cfa813ed406827e43b967abd54ab5b9a) Importer(2089858483,0ecaa5967403d082aa24f35e1b516d23)  -> (artifact id: '874d83952015f4c2c304386de2dca335') in 0.103503 seconds
Number of updated asset objects reloaded before import = 0
Number of asset objects unloaded after import = 1
========================================================================
Received Import Request.
  Time since last request: 0.000035 seconds.
  path: Assets/Joystick Pack/Sprites/Vertical Backgrounds/Vertical_Plain_Arrows.png
  artifactKey: Guid(3bf6d9f920f7458448a390f80318ebe6) Importer(2089858483,0ecaa5967403d082aa24f35e1b516d23)
Start importing Assets/Joystick Pack/Sprites/Vertical Backgrounds/Vertical_Plain_Arrows.png using Guid(3bf6d9f920f7458448a390f80318ebe6) Importer(2089858483,0ecaa5967403d082aa24f35e1b516d23)  -> (artifact id: 'cb273b2236e97cc3bfdfc343e2a18e52') in 0.066141 seconds
Number of updated asset objects reloaded before import = 0
Number of asset objects unloaded after import = 3
========================================================================
Received Import Request.
  Time since last request: 0.000089 seconds.
  path: Assets/Joystick Pack/Sprites/Horizontal Backgrounds/Horizontal_Outline.png
  artifactKey: Guid(cd0a2c1b2c014ba4c80c1df786e150e9) Importer(2089858483,0ecaa5967403d082aa24f35e1b516d23)
Start importing Assets/Joystick Pack/Sprites/Horizontal Backgrounds/Horizontal_Outline.png using Guid(cd0a2c1b2c014ba4c80c1df786e150e9) Importer(2089858483,0ecaa5967403d082aa24f35e1b516d23)  -> (artifact id: 'd55fa88b60af63f5ad158336f7cfa899') in 0.011661 seconds
Number of updated asset objects reloaded before import = 0
Number of asset objects unloaded after import = 3
========================================================================
Received Import Request.
  Time since last request: 0.000124 seconds.
  path: Assets/VirtualButtonsForUnity/VirtualButtonsForUnity/Examples/SceneExample.unity
  artifactKey: Guid(50ba1c8cfb6422cb8a7ac31ea3227ec8) Importer(2089858483,0ecaa5967403d082aa24f35e1b516d23)
Start importing Assets/VirtualButtonsForUnity/VirtualButtonsForUnity/Examples/SceneExample.unity using Guid(50ba1c8cfb6422cb8a7ac31ea3227ec8) Importer(2089858483,0ecaa5967403d082aa24f35e1b516d23)  -> (artifact id: '6fa5bea01c8caf74b0803a5876f80e5b') in 0.001770 seconds
Number of updated asset objects reloaded before import = 0
Number of asset objects unloaded after import = 1
========================================================================
Received Import Request.
  Time since last request: 0.000115 seconds.
  path: Assets/Joystick Pack/Scripts/Editor/VariableJoystickEditor.cs
  artifactKey: Guid(58b5a2db95af76c4c9d4116a09ec3697) Importer(2089858483,0ecaa5967403d082aa24f35e1b516d23)
Start importing Assets/Joystick Pack/Scripts/Editor/VariableJoystickEditor.cs using Guid(58b5a2db95af76c4c9d4116a09ec3697) Importer(2089858483,0ecaa5967403d082aa24f35e1b516d23)  -> (artifact id: '9724bd290bdfe7fe422a878a3f6b0143') in 0.003101 seconds
Number of updated asset objects reloaded before import = 0
Number of asset objects unloaded after import = 1
========================================================================
Received Import Request.
  Time since last request: 0.000144 seconds.
  path: Assets/SoundEffect/music-for-arcade-style-game-146875.mp3
  artifactKey: Guid(090459816fabfa540b536cfa23458f8b) Importer(2089858483,0ecaa5967403d082aa24f35e1b516d23)
Start importing Assets/SoundEffect/music-for-arcade-style-game-146875.mp3 using Guid(090459816fabfa540b536cfa23458f8b) Importer(2089858483,0ecaa5967403d082aa24f35e1b516d23)  -> (artifact id: 'e549de866976739ab078a2586b7d6c04') in 0.034887 seconds
Number of updated asset objects reloaded before import = 0
Number of asset objects unloaded after import = 1
========================================================================
Received Import Request.
  Time since last request: 0.000076 seconds.
  path: Assets/VirtualButtonsForUnity/VirtualButtonsForUnity/Examples/Scripts/PlayerControllerExample.cs
  artifactKey: Guid(35b8bffd1f618f41a8b05e6dda922bf5) Importer(2089858483,0ecaa5967403d082aa24f35e1b516d23)
Start importing Assets/VirtualButtonsForUnity/VirtualButtonsForUnity/Examples/Scripts/PlayerControllerExample.cs using Guid(35b8bffd1f618f41a8b05e6dda922bf5) Importer(2089858483,0ecaa5967403d082aa24f35e1b516d23)  -> (artifact id: '7f17cf0c9e72e166ee830412d1190907') in 0.002739 seconds
Number of updated asset objects reloaded before import = 0
Number of asset objects unloaded after import = 1
========================================================================
Received Import Request.
  Time since last request: 0.000066 seconds.
  path: Assets/Joystick Pack/Sprites/All Axis Backgrounds/AllAxis_Plain.png
  artifactKey: Guid(84487d73ca4b791498332d8f6858417f) Importer(2089858483,0ecaa5967403d082aa24f35e1b516d23)
Start importing Assets/Joystick Pack/Sprites/All Axis Backgrounds/AllAxis_Plain.png using Guid(84487d73ca4b791498332d8f6858417f) Importer(2089858483,0ecaa5967403d082aa24f35e1b516d23)  -> (artifact id: 'ad96126a06ac681b6e61700e47d4ad39') in 0.010434 seconds
Number of updated asset objects reloaded before import = 0
Number of asset objects unloaded after import = 3
========================================================================
Received Import Request.
  Time since last request: 0.000048 seconds.
  path: Assets/VirtualButtonsForUnity/VirtualButtonsForUnity/Prefabs/Joystick Floating.prefab
  artifactKey: Guid(efadf30c50b27cd5ca146ec5d01ca2b6) Importer(2089858483,0ecaa5967403d082aa24f35e1b516d23)
Start importing Assets/VirtualButtonsForUnity/VirtualButtonsForUnity/Prefabs/Joystick Floating.prefab using Guid(efadf30c50b27cd5ca146ec5d01ca2b6) Importer(2089858483,0ecaa5967403d082aa24f35e1b516d23)  -> (artifact id: '314f6c50348f0457a32d1717845f12ea') in 0.026963 seconds
Number of updated asset objects reloaded before import = 0
Number of asset objects unloaded after import = 18
========================================================================
Received Import Request.
  Time since last request: 0.000035 seconds.
  path: Assets/SoundEffect/rock-destroy-6409.mp3
  artifactKey: Guid(3323f4a622e744848a991d657155b273) Importer(2089858483,0ecaa5967403d082aa24f35e1b516d23)
Start importing Assets/SoundEffect/rock-destroy-6409.mp3 using Guid(3323f4a622e744848a991d657155b273) Importer(2089858483,0ecaa5967403d082aa24f35e1b516d23)  -> (artifact id: '2c8880f06b37c6d83cc32265b816cce2') in 0.030689 seconds
Number of updated asset objects reloaded before import = 0
Number of asset objects unloaded after import = 1
========================================================================
Received Import Request.
  Time since last request: 0.000087 seconds.
  path: Assets/VirtualButtonsForUnity/VirtualButtonsForUnity/Examples/Materials/GroundExample.mat
  artifactKey: Guid(64f41bdc301540eed95828da77d634f2) Importer(2089858483,0ecaa5967403d082aa24f35e1b516d23)
Start importing Assets/VirtualButtonsForUnity/VirtualButtonsForUnity/Examples/Materials/GroundExample.mat using Guid(64f41bdc301540eed95828da77d634f2) Importer(2089858483,0ecaa5967403d082aa24f35e1b516d23)  -> (artifact id: '7cdb024c3edf5bd0448e6a252c2fe81c') in 0.011724 seconds
Number of updated asset objects reloaded before import = 0
Number of asset objects unloaded after import = 1
========================================================================
Received Import Request.
  Time since last request: 0.000087 seconds.
  path: Assets/Joystick Pack/Sprites/All Axis Backgrounds/AllAxis_Ridged.png
  artifactKey: Guid(54628aafa20f64b40ae661038ee7abf0) Importer(2089858483,0ecaa5967403d082aa24f35e1b516d23)
Start importing Assets/Joystick Pack/Sprites/All Axis Backgrounds/AllAxis_Ridged.png using Guid(54628aafa20f64b40ae661038ee7abf0) Importer(2089858483,0ecaa5967403d082aa24f35e1b516d23)  -> (artifact id: '11e7b2bedc5930dcf6a6e279f24ce707') in 0.011167 seconds
Number of updated asset objects reloaded before import = 0
Number of asset objects unloaded after import = 3
========================================================================
Received Import Request.
  Time since last request: 0.000065 seconds.
  path: Assets/Joystick Pack/Sprites/Handles/Handle_Outline.png
  artifactKey: Guid(085185b08a40a924985bc0e4176edea6) Importer(2089858483,0ecaa5967403d082aa24f35e1b516d23)
Start importing Assets/Joystick Pack/Sprites/Handles/Handle_Outline.png using Guid(085185b08a40a924985bc0e4176edea6) Importer(2089858483,0ecaa5967403d082aa24f35e1b516d23)  -> (artifact id: '7e9c6ddeb897f1c003de279b03e45b52') in 0.011063 seconds
Number of updated asset objects reloaded before import = 0
Number of asset objects unloaded after import = 3
========================================================================
Received Import Request.
  Time since last request: 0.000040 seconds.
  path: Assets/prefabs/CubeDestroy.fbx
  artifactKey: Guid(17d522f187c78fd45984e6716d5bc070) Importer(2089858483,0ecaa5967403d082aa24f35e1b516d23)
Start importing Assets/prefabs/CubeDestroy.fbx using Guid(17d522f187c78fd45984e6716d5bc070) Importer(2089858483,0ecaa5967403d082aa24f35e1b516d23)  -> (artifact id: '1b6a66d4a38d7a0f27d3ec79ace75407') in 0.085211 seconds
Number of updated asset objects reloaded before import = 0
Number of asset objects unloaded after import = 510
========================================================================
Received Import Request.
  Time since last request: 0.000054 seconds.
  path: Assets/prefabs/sphere.mat
  artifactKey: Guid(3c4a0dfe067e94240bf7319aca2e9065) Importer(2089858483,0ecaa5967403d082aa24f35e1b516d23)
Start importing Assets/prefabs/sphere.mat using Guid(3c4a0dfe067e94240bf7319aca2e9065) Importer(2089858483,0ecaa5967403d082aa24f35e1b516d23)  -> (artifact id: 'e00069221706409eaa1e4b18e284f6ab') in 0.002657 seconds
Number of updated asset objects reloaded before import = 0
Number of asset objects unloaded after import = 1
========================================================================
Received Import Request.
  Time since last request: 0.000076 seconds.
  path: Assets/prefabs/Sphere 1.prefab
  artifactKey: Guid(f87a63c99b8e1ee4c894d473ac25e064) Importer(2089858483,0ecaa5967403d082aa24f35e1b516d23)
Start importing Assets/prefabs/Sphere 1.prefab using Guid(f87a63c99b8e1ee4c894d473ac25e064) Importer(2089858483,0ecaa5967403d082aa24f35e1b516d23)  -> (artifact id: '999c135c4027dcbaa91af8b941090118') in 0.010300 seconds
Number of updated asset objects reloaded before import = 0
Number of asset objects unloaded after import = 11
========================================================================
Received Import Request.
  Time since last request: 0.000028 seconds.
  path: Assets/Materials/red.mat
  artifactKey: Guid(2218edc8f0ab84b4cb96aefa0766ff0e) Importer(2089858483,0ecaa5967403d082aa24f35e1b516d23)
Start importing Assets/Materials/red.mat using Guid(2218edc8f0ab84b4cb96aefa0766ff0e) Importer(2089858483,0ecaa5967403d082aa24f35e1b516d23)  -> (artifact id: 'b979e8ef10d934077cde07a425d852a6') in 0.002425 seconds
Number of updated asset objects reloaded before import = 0
Number of asset objects unloaded after import = 1
========================================================================
Received Import Request.
  Time since last request: 0.000059 seconds.
  path: Assets/Script/RectangleMeshGenerator.cs
  artifactKey: Guid(453b784e6bf5a0542a70f7b435dc5b7b) Importer(2089858483,0ecaa5967403d082aa24f35e1b516d23)
Start importing Assets/Script/RectangleMeshGenerator.cs using Guid(453b784e6bf5a0542a70f7b435dc5b7b) Importer(2089858483,0ecaa5967403d082aa24f35e1b516d23)  -> (artifact id: 'cf3adbee3ae23cbc029c57e12d3bf81f') in 0.001885 seconds
Number of updated asset objects reloaded before import = 0
Number of asset objects unloaded after import = 1
========================================================================
Received Import Request.
  Time since last request: 0.000059 seconds.
  path: Assets/Joystick Pack/Prefabs/Dynamic Joystick.prefab
  artifactKey: Guid(56fae09712773584fb63896d473a98ee) Importer(2089858483,0ecaa5967403d082aa24f35e1b516d23)
Start importing Assets/Joystick Pack/Prefabs/Dynamic Joystick.prefab using Guid(56fae09712773584fb63896d473a98ee) Importer(2089858483,0ecaa5967403d082aa24f35e1b516d23)  -> (artifact id: 'd360978cb43d32d7827cbe462e5ef37a') in 0.007141 seconds
Number of updated asset objects reloaded before import = 0
Number of asset objects unloaded after import = 17
========================================================================
Received Import Request.
  Time since last request: 0.000034 seconds.
  path: Assets/VirtualButtonsForUnity/VirtualButtonsForUnity/Prefabs/Button.prefab
  artifactKey: Guid(275b280c081e3406c94cdb832d875a59) Importer(2089858483,0ecaa5967403d082aa24f35e1b516d23)
Start importing Assets/VirtualButtonsForUnity/VirtualButtonsForUnity/Prefabs/Button.prefab using Guid(275b280c081e3406c94cdb832d875a59) Importer(2089858483,0ecaa5967403d082aa24f35e1b516d23)  -> (artifact id: '13ac5d1ea5a0aa0b9d83bcfaa36d4c83') in 0.010272 seconds
Number of updated asset objects reloaded before import = 0
Number of asset objects unloaded after import = 13
========================================================================
Received Import Request.
  Time since last request: 0.000075 seconds.
  path: Assets/Script/DestroyOnCollision.cs
  artifactKey: Guid(7a64ff6715db093459a82ea9cbc904fd) Importer(2089858483,0ecaa5967403d082aa24f35e1b516d23)
Start importing Assets/Script/DestroyOnCollision.cs using Guid(7a64ff6715db093459a82ea9cbc904fd) Importer(2089858483,0ecaa5967403d082aa24f35e1b516d23)  -> (artifact id: '1754f654f55692bcee50719b9f8ead1b') in 0.002783 seconds
Number of updated asset objects reloaded before import = 0
Number of asset objects unloaded after import = 1
========================================================================
Received Import Request.
  Time since last request: 0.000048 seconds.
  path: Assets/VirtualButtonsForUnity/VirtualButtonsForUnity/Examples/Scripts/PlayerActionsExample.cs
  artifactKey: Guid(5b80e1bde9fa840f08829be733e44d78) Importer(2089858483,0ecaa5967403d082aa24f35e1b516d23)
Start importing Assets/VirtualButtonsForUnity/VirtualButtonsForUnity/Examples/Scripts/PlayerActionsExample.cs using Guid(5b80e1bde9fa840f08829be733e44d78) Importer(2089858483,0ecaa5967403d082aa24f35e1b516d23)  -> (artifact id: '66da4779993a5e12ab9c85847b7f5fbf') in 0.001904 seconds
Number of updated asset objects reloaded before import = 0
Number of asset objects unloaded after import = 1
========================================================================
Received Import Request.
  Time since last request: 0.000118 seconds.
  path: Assets/prefabs/BallColor.mat
  artifactKey: Guid(1a0f1652290c7f745aa8bab71834607f) Importer(2089858483,0ecaa5967403d082aa24f35e1b516d23)
Start importing Assets/prefabs/BallColor.mat using Guid(1a0f1652290c7f745aa8bab71834607f) Importer(2089858483,0ecaa5967403d082aa24f35e1b516d23)  -> (artifact id: '510024e1268e4bc5f5574dc24643112b') in 0.003230 seconds
Number of updated asset objects reloaded before import = 0
Number of asset objects unloaded after import = 1
========================================================================
Received Import Request.
  Time since last request: 0.000101 seconds.
  path: Assets/Joystick Pack/Scripts/Joysticks/VariableJoystick.cs
  artifactKey: Guid(42844a4fccbd54746b90cade4ff70f73) Importer(2089858483,0ecaa5967403d082aa24f35e1b516d23)
Start importing Assets/Joystick Pack/Scripts/Joysticks/VariableJoystick.cs using Guid(42844a4fccbd54746b90cade4ff70f73) Importer(2089858483,0ecaa5967403d082aa24f35e1b516d23)  -> (artifact id: '576351d04b8c59c192db8b38fee5e4c9') in 0.002147 seconds
Number of updated asset objects reloaded before import = 0
Number of asset objects unloaded after import = 1
========================================================================
Received Import Request.
  Time since last request: 0.000059 seconds.
  path: Assets/prefabs/CubeDestroy.prefab
  artifactKey: Guid(b2db0d5ba038e3548883b72161b995ab) Importer(2089858483,0ecaa5967403d082aa24f35e1b516d23)
Start importing Assets/prefabs/CubeDestroy.prefab using Guid(b2db0d5ba038e3548883b72161b995ab) Importer(2089858483,0ecaa5967403d082aa24f35e1b516d23)  -> (artifact id: '1b36863f0006df4246e7fa4f76ba8d62') in 0.006034 seconds
Number of updated asset objects reloaded before import = 0
Number of asset objects unloaded after import = 711
========================================================================
Received Import Request.
  Time since last request: 0.000051 seconds.
  path: Assets/Joystick Pack/Sprites/All Axis Backgrounds/AllAxis_Ridged_Arrows.png
  artifactKey: Guid(4cbc879550e5e374a925e2e0a84d6f3c) Importer(2089858483,0ecaa5967403d082aa24f35e1b516d23)
Start importing Assets/Joystick Pack/Sprites/All Axis Backgrounds/AllAxis_Ridged_Arrows.png using Guid(4cbc879550e5e374a925e2e0a84d6f3c) Importer(2089858483,0ecaa5967403d082aa24f35e1b516d23)  -> (artifact id: '1336a0abd013fb89fbe7e0de3af5bbaf') in 0.010061 seconds
Number of updated asset objects reloaded before import = 0
Number of asset objects unloaded after import = 3
========================================================================
Received Import Request.
  Time since last request: 0.000093 seconds.
  path: Assets/Joystick Pack/Sprites/Horizontal Backgrounds/Horizontal_Outline_Arrows.png
  artifactKey: Guid(7927b9032dc11e841af3f9a1353d7ecd) Importer(2089858483,0ecaa5967403d082aa24f35e1b516d23)
Start importing Assets/Joystick Pack/Sprites/Horizontal Backgrounds/Horizontal_Outline_Arrows.png using Guid(7927b9032dc11e841af3f9a1353d7ecd) Importer(2089858483,0ecaa5967403d082aa24f35e1b516d23)  -> (artifact id: 'f16bb4becb8dbeb960e8a652446c2201') in 0.011056 seconds
Number of updated asset objects reloaded before import = 0
Number of asset objects unloaded after import = 3
========================================================================
Received Import Request.
  Time since last request: 0.000052 seconds.
  path: Assets/Joystick Pack/Prefabs/Variable Joystick.prefab
  artifactKey: Guid(ec536a7718376554185e4a856d5ae230) Importer(2089858483,0ecaa5967403d082aa24f35e1b516d23)
Start importing Assets/Joystick Pack/Prefabs/Variable Joystick.prefab using Guid(ec536a7718376554185e4a856d5ae230) Importer(2089858483,0ecaa5967403d082aa24f35e1b516d23)  -> (artifact id: '5e0ef6403837332a0ff9384f06f45403') in 0.006188 seconds
Number of updated asset objects reloaded before import = 0
Number of asset objects unloaded after import = 17
========================================================================
Received Import Request.
  Time since last request: 0.000031 seconds.
  path: Assets/Materials/Purple.mat
  artifactKey: Guid(862a2b71135baef4eabd2c311c5e4b59) Importer(2089858483,0ecaa5967403d082aa24f35e1b516d23)
Start importing Assets/Materials/Purple.mat using Guid(862a2b71135baef4eabd2c311c5e4b59) Importer(2089858483,0ecaa5967403d082aa24f35e1b516d23)  -> (artifact id: '1a45a9cb0f2f5437a3939eae6f838646') in 0.002369 seconds
Number of updated asset objects reloaded before import = 0
Number of asset objects unloaded after import = 1
========================================================================
Received Import Request.
  Time since last request: 0.000079 seconds.
  path: Assets/VirtualButtonsForUnity/VirtualButtonsForUnity/Prefabs/Joystick Fixed.prefab
  artifactKey: Guid(032428d81191245d4ae5a23a0a301ae9) Importer(2089858483,0ecaa5967403d082aa24f35e1b516d23)
Start importing Assets/VirtualButtonsForUnity/VirtualButtonsForUnity/Prefabs/Joystick Fixed.prefab using Guid(032428d81191245d4ae5a23a0a301ae9) Importer(2089858483,0ecaa5967403d082aa24f35e1b516d23)  -> (artifact id: 'cd9b32d395f849e2a53bbcaa98d361be') in 0.004934 seconds
Number of updated asset objects reloaded before import = 0
Number of asset objects unloaded after import = 18
========================================================================
Received Import Request.
  Time since last request: 0.000028 seconds.
  path: Assets/VirtualButtonsForUnity/VirtualButtonsForUnity/Prefabs/DPadX.prefab
  artifactKey: Guid(0b46c1cd07c060da091ca275d48193ff) Importer(2089858483,0ecaa5967403d082aa24f35e1b516d23)
Start importing Assets/VirtualButtonsForUnity/VirtualButtonsForUnity/Prefabs/DPadX.prefab using Guid(0b46c1cd07c060da091ca275d48193ff) Importer(2089858483,0ecaa5967403d082aa24f35e1b516d23)  -> (artifact id: 'dcfed6188a1b0462269268989620315d') in 0.005932 seconds
Number of updated asset objects reloaded before import = 0
Number of asset objects unloaded after import = 14
========================================================================
Received Import Request.
  Time since last request: 0.000100 seconds.
  path: Assets/Scenes/SampleScene.unity
  artifactKey: Guid(9fc0d4010bbf28b4594072e72b8655ab) Importer(2089858483,0ecaa5967403d082aa24f35e1b516d23)
Start importing Assets/Scenes/SampleScene.unity using Guid(9fc0d4010bbf28b4594072e72b8655ab) Importer(2089858483,0ecaa5967403d082aa24f35e1b516d23)  -> (artifact id: '35683973004485b4c6397d9460534108') in 0.001277 seconds
Number of updated asset objects reloaded before import = 0
Number of asset objects unloaded after import = 1
========================================================================
Received Import Request.
  Time since last request: 0.000071 seconds.
  path: Assets/Joystick Pack/Scripts/Editor/FloatingJoystickEditor.cs
  artifactKey: Guid(614d06243900d764f9c50b4da2c950a3) Importer(2089858483,0ecaa5967403d082aa24f35e1b516d23)
Start importing Assets/Joystick Pack/Scripts/Editor/FloatingJoystickEditor.cs using Guid(614d06243900d764f9c50b4da2c950a3) Importer(2089858483,0ecaa5967403d082aa24f35e1b516d23)  -> (artifact id: '3b2e24cbd9154ef91d954bd7b44a1a1c') in 0.001891 seconds
Number of updated asset objects reloaded before import = 0
Number of asset objects unloaded after import = 1
========================================================================
Received Import Request.
  Time since last request: 0.000053 seconds.
  path: Assets/Script/CircleMeshGenerator.cs
  artifactKey: Guid(03f20da11f3343a4aa126c2f5146ba28) Importer(2089858483,0ecaa5967403d082aa24f35e1b516d23)
Start importing Assets/Script/CircleMeshGenerator.cs using Guid(03f20da11f3343a4aa126c2f5146ba28) Importer(2089858483,0ecaa5967403d082aa24f35e1b516d23)  -> (artifact id: '7d0c60c4c7b2b4cce33055ca0be6ac38') in 0.002092 seconds
Number of updated asset objects reloaded before import = 0
Number of asset objects unloaded after import = 1
========================================================================
Received Import Request.
  Time since last request: 0.000060 seconds.
  path: Assets/VirtualButtonsForUnity/VirtualButtonsForUnity/Sprites/circle.png
  artifactKey: Guid(098b426cb73dd953886efddf38416b89) Importer(2089858483,0ecaa5967403d082aa24f35e1b516d23)
Start importing Assets/VirtualButtonsForUnity/VirtualButtonsForUnity/Sprites/circle.png using Guid(098b426cb73dd953886efddf38416b89) Importer(2089858483,0ecaa5967403d082aa24f35e1b516d23)  -> (artifact id: '3a75b52a1d8951a748ae065dfc8c644f') in 0.010632 seconds
Number of updated asset objects reloaded before import = 0
Number of asset objects unloaded after import = 3
========================================================================
Received Import Request.
  Time since last request: 0.000021 seconds.
  path: Assets/Joystick Pack/Prefabs/Fixed Joystick.prefab
  artifactKey: Guid(aaa2c939c0359ac4dbce3f49e8b90252) Importer(2089858483,0ecaa5967403d082aa24f35e1b516d23)
Start importing Assets/Joystick Pack/Prefabs/Fixed Joystick.prefab using Guid(aaa2c939c0359ac4dbce3f49e8b90252) Importer(2089858483,0ecaa5967403d082aa24f35e1b516d23)  -> (artifact id: 'd322c9f1e03aded0c2938dcdd95af5ee') in 0.005596 seconds
Number of updated asset objects reloaded before import = 0
Number of asset objects unloaded after import = 13
========================================================================
Received Import Request.
  Time since last request: 0.000031 seconds.
  path: Assets/Joystick Pack/Sprites/All Axis Backgrounds/AllAxis_Outline.png
  artifactKey: Guid(5b56d9fa0e8bd6e409ed188db38a692c) Importer(2089858483,0ecaa5967403d082aa24f35e1b516d23)
Start importing Assets/Joystick Pack/Sprites/All Axis Backgrounds/AllAxis_Outline.png using Guid(5b56d9fa0e8bd6e409ed188db38a692c) Importer(2089858483,0ecaa5967403d082aa24f35e1b516d23)  -> (artifact id: 'ae55e0b958e516f849da24b7586fecd9') in 0.009833 seconds
Number of updated asset objects reloaded before import = 0
Number of asset objects unloaded after import = 3
========================================================================
Received Import Request.
  Time since last request: 0.000029 seconds.
  path: Assets/Script/ShapeGenerator.cs
  artifactKey: Guid(485fa2dc9c77bca48a3657a78a88b00c) Importer(2089858483,0ecaa5967403d082aa24f35e1b516d23)
Start importing Assets/Script/ShapeGenerator.cs using Guid(485fa2dc9c77bca48a3657a78a88b00c) Importer(2089858483,0ecaa5967403d082aa24f35e1b516d23)  -> (artifact id: '4350a48cf40b484bffff7a0986d6ea34') in 0.002021 seconds
Number of updated asset objects reloaded before import = 0
Number of asset objects unloaded after import = 1
========================================================================
Received Import Request.
  Time since last request: 0.000119 seconds.
  path: Assets/Joystick Pack/Examples/JoystickPlayerExample.cs
  artifactKey: Guid(a37d705c8e9115e439ec799186182634) Importer(2089858483,0ecaa5967403d082aa24f35e1b516d23)
Start importing Assets/Joystick Pack/Examples/JoystickPlayerExample.cs using Guid(a37d705c8e9115e439ec799186182634) Importer(2089858483,0ecaa5967403d082aa24f35e1b516d23)  -> (artifact id: '667128469eaf695b1b641b12ae27f1f7') in 0.001985 seconds
Number of updated asset objects reloaded before import = 0
Number of asset objects unloaded after import = 1
========================================================================
Received Import Request.
  Time since last request: 0.000055 seconds.
  path: Assets/Script/CameraJoystickControllre.cs
  artifactKey: Guid(5938b14ddeb66f946890f340e816d602) Importer(2089858483,0ecaa5967403d082aa24f35e1b516d23)
Start importing Assets/Script/CameraJoystickControllre.cs using Guid(5938b14ddeb66f946890f340e816d602) Importer(2089858483,0ecaa5967403d082aa24f35e1b516d23)  -> (artifact id: 'b86dcd3db760f8ff8ce385edd2311f33') in 0.002506 seconds
Number of updated asset objects reloaded before import = 0
Number of asset objects unloaded after import = 1
========================================================================
Received Import Request.
  Time since last request: 0.000135 seconds.
  path: Assets/Joystick Pack/Sprites/Vertical Backgrounds/Vertical_Ridged.png
  artifactKey: Guid(08c1fa6351174a9439d97cfc9d3307cc) Importer(2089858483,0ecaa5967403d082aa24f35e1b516d23)
Start importing Assets/Joystick Pack/Sprites/Vertical Backgrounds/Vertical_Ridged.png using Guid(08c1fa6351174a9439d97cfc9d3307cc) Importer(2089858483,0ecaa5967403d082aa24f35e1b516d23)  -> (artifact id: 'c53e6d37e74482f96683372af16677bb') in 0.009355 seconds
Number of updated asset objects reloaded before import = 0
Number of asset objects unloaded after import = 3
========================================================================
Received Import Request.
  Time since last request: 0.000040 seconds.
  path: Assets/Script/DestroyAfterSomeTime.cs
  artifactKey: Guid(122167f5ff1f94640a6ec43bf4599d69) Importer(2089858483,0ecaa5967403d082aa24f35e1b516d23)
Start importing Assets/Script/DestroyAfterSomeTime.cs using Guid(122167f5ff1f94640a6ec43bf4599d69) Importer(2089858483,0ecaa5967403d082aa24f35e1b516d23)  -> (artifact id: 'f596ea9917c33815b4e443c415b1f114') in 0.002069 seconds
Number of updated asset objects reloaded before import = 0
Number of asset objects unloaded after import = 1
========================================================================
Received Import Request.
  Time since last request: 0.000053 seconds.
  path: Assets/Joystick Pack/Sprites/Horizontal Backgrounds/Horizontal_Ridged_Arrows.png
  artifactKey: Guid(b8467ea5fbaf9ba42908de6411bd443d) Importer(2089858483,0ecaa5967403d082aa24f35e1b516d23)
Start importing Assets/Joystick Pack/Sprites/Horizontal Backgrounds/Horizontal_Ridged_Arrows.png using Guid(b8467ea5fbaf9ba42908de6411bd443d) Importer(2089858483,0ecaa5967403d082aa24f35e1b516d23)  -> (artifact id: '827938e94fe8c02b88b4ca435c185c4d') in 0.010377 seconds
Number of updated asset objects reloaded before import = 0
Number of asset objects unloaded after import = 3
========================================================================
Received Import Request.
  Time since last request: 0.000034 seconds.
  path: Assets/Joystick Pack/Scripts/Joysticks/DynamicJoystick.cs
  artifactKey: Guid(ba0d0e7a039f526499c356a3c5cd6d3f) Importer(2089858483,0ecaa5967403d082aa24f35e1b516d23)
Start importing Assets/Joystick Pack/Scripts/Joysticks/DynamicJoystick.cs using Guid(ba0d0e7a039f526499c356a3c5cd6d3f) Importer(2089858483,0ecaa5967403d082aa24f35e1b516d23)  -> (artifact id: '30cde4682e239f0248c0a80162193bca') in 0.002005 seconds
Number of updated asset objects reloaded before import = 0
Number of asset objects unloaded after import = 1
========================================================================
Received Import Request.
  Time since last request: 0.000052 seconds.
  path: Assets/Script/ShapeSpawner.cs
  artifactKey: Guid(94425d6d86754b4429fe282ef73184fb) Importer(2089858483,0ecaa5967403d082aa24f35e1b516d23)
Start importing Assets/Script/ShapeSpawner.cs using Guid(94425d6d86754b4429fe282ef73184fb) Importer(2089858483,0ecaa5967403d082aa24f35e1b516d23)  -> (artifact id: 'd840781bacec8d96e32c0ce30912b4f0') in 0.001626 seconds
Number of updated asset objects reloaded before import = 0
Number of asset objects unloaded after import = 1
========================================================================
Received Import Request.
  Time since last request: 0.000044 seconds.
  path: Assets/Joystick Pack/Sprites/Vertical Backgrounds/Vertical_Outline_Arrows.png
  artifactKey: Guid(c615706690ca87043ad593475e6db7ec) Importer(2089858483,0ecaa5967403d082aa24f35e1b516d23)
Start importing Assets/Joystick Pack/Sprites/Vertical Backgrounds/Vertical_Outline_Arrows.png using Guid(c615706690ca87043ad593475e6db7ec) Importer(2089858483,0ecaa5967403d082aa24f35e1b516d23)  -> (artifact id: '4a8daaa7071f1c199b31ea814d10e1c4') in 0.010398 seconds
Number of updated asset objects reloaded before import = 0
Number of asset objects unloaded after import = 3
========================================================================
Received Import Request.
  Time since last request: 0.000039 seconds.
  path: Assets/Joystick Pack/Sprites/All Axis Backgrounds/AllAxis_Outline_Arrows.png
  artifactKey: Guid(48c0d4d6bebaa934384b07aa1e2f8184) Importer(2089858483,0ecaa5967403d082aa24f35e1b516d23)
Start importing Assets/Joystick Pack/Sprites/All Axis Backgrounds/AllAxis_Outline_Arrows.png using Guid(48c0d4d6bebaa934384b07aa1e2f8184) Importer(2089858483,0ecaa5967403d082aa24f35e1b516d23)  -> (artifact id: 'ae4dc248f696001f5e9272cbd58d86d0') in 0.009661 seconds
Number of updated asset objects reloaded before import = 0
Number of asset objects unloaded after import = 3
========================================================================
Received Import Request.
  Time since last request: 0.000029 seconds.
  path: Assets/VirtualButtonsForUnity/VirtualButtonsForUnity/Sprites/joystick.png
  artifactKey: Guid(83adf99002fa21b9f8602d8d97948c61) Importer(2089858483,0ecaa5967403d082aa24f35e1b516d23)
Start importing Assets/VirtualButtonsForUnity/VirtualButtonsForUnity/Sprites/joystick.png using Guid(83adf99002fa21b9f8602d8d97948c61) Importer(2089858483,0ecaa5967403d082aa24f35e1b516d23)  -> (artifact id: 'e31ceb9a712ae996d6fde794daf05cba') in 0.010821 seconds
Number of updated asset objects reloaded before import = 0
Number of asset objects unloaded after import = 3
========================================================================
Received Import Request.
  Time since last request: 0.000030 seconds.
  path: Assets/prefabs/CubeDestroy 1.prefab
  artifactKey: Guid(9aefe88878cf0c34492ec7aad5138bbc) Importer(2089858483,0ecaa5967403d082aa24f35e1b516d23)
Start importing Assets/prefabs/CubeDestroy 1.prefab using Guid(9aefe88878cf0c34492ec7aad5138bbc) Importer(2089858483,0ecaa5967403d082aa24f35e1b516d23)  -> (artifact id: 'fe4686beb0a1c9d3f873221f971f9302') in 0.005170 seconds
Number of updated asset objects reloaded before import = 0
Number of asset objects unloaded after import = 711
========================================================================
Received Import Request.
  Time since last request: 0.000043 seconds.
  path: Assets/prefabs/cubeprefab.prefab
  artifactKey: Guid(0c52c6bae36f1874596526ee5291f538) Importer(2089858483,0ecaa5967403d082aa24f35e1b516d23)
Start importing Assets/prefabs/cubeprefab.prefab using Guid(0c52c6bae36f1874596526ee5291f538) Importer(2089858483,0ecaa5967403d082aa24f35e1b516d23)  -> (artifact id: 'd9ffd558f24e3aced7a70725fcf241d1') in 0.010083 seconds
Number of updated asset objects reloaded before import = 0
Number of asset objects unloaded after import = 722
========================================================================
Received Import Request.
  Time since last request: 0.000030 seconds.
  path: Assets/prefabs/Sphere.prefab
  artifactKey: Guid(cb6e1e099c41a0842a3dfa01b552a194) Importer(2089858483,0ecaa5967403d082aa24f35e1b516d23)
Start importing Assets/prefabs/Sphere.prefab using Guid(cb6e1e099c41a0842a3dfa01b552a194) Importer(2089858483,0ecaa5967403d082aa24f35e1b516d23)  -> (artifact id: '2f0f611f50e8522297ecdcbd11ab774a') in 0.007040 seconds
Number of updated asset objects reloaded before import = 0
Number of asset objects unloaded after import = 171
========================================================================
Received Import Request.
  Time since last request: 0.000031 seconds.
  path: Assets/VirtualButtonsForUnity/VirtualButtonsForUnity/Prefabs/DPadY.prefab
  artifactKey: Guid(043c5a08fecc491c8951e150ac165122) Importer(2089858483,0ecaa5967403d082aa24f35e1b516d23)
Start importing Assets/VirtualButtonsForUnity/VirtualButtonsForUnity/Prefabs/DPadY.prefab using Guid(043c5a08fecc491c8951e150ac165122) Importer(2089858483,0ecaa5967403d082aa24f35e1b516d23)  -> (artifact id: '978c0cfc8d5e94d19cc65c8509b83188') in 0.004170 seconds
Number of updated asset objects reloaded before import = 0
Number of asset objects unloaded after import = 14
========================================================================
Received Import Request.
  Time since last request: 0.000026 seconds.
  path: Assets/Joystick Pack/Sprites/Handles/Handle_Plain_Arrows.png
  artifactKey: Guid(f353d42d1db27ff42b78b28efd86b316) Importer(2089858483,0ecaa5967403d082aa24f35e1b516d23)
Start importing Assets/Joystick Pack/Sprites/Handles/Handle_Plain_Arrows.png using Guid(f353d42d1db27ff42b78b28efd86b316) Importer(2089858483,0ecaa5967403d082aa24f35e1b516d23)  -> (artifact id: '5b1b82836f64f049ae6457a47efbbfa4') in 0.010045 seconds
Number of updated asset objects reloaded before import = 0
Number of asset objects unloaded after import = 3
========================================================================
Received Import Request.
  Time since last request: 0.000030 seconds.
  path: Assets/VirtualButtonsForUnity/VirtualButtonsForUnity/Sprites/directional.png
  artifactKey: Guid(a94e22f504b6549b4b99a471ca0e1d14) Importer(2089858483,0ecaa5967403d082aa24f35e1b516d23)
Start importing Assets/VirtualButtonsForUnity/VirtualButtonsForUnity/Sprites/directional.png using Guid(a94e22f504b6549b4b99a471ca0e1d14) Importer(2089858483,0ecaa5967403d082aa24f35e1b516d23)  -> (artifact id: 'f747bb4f64134d60b0397ef1222c034a') in 0.011695 seconds
Number of updated asset objects reloaded before import = 0
Number of asset objects unloaded after import = 3
========================================================================
Received Import Request.
  Time since last request: 0.000037 seconds.
  path: Assets/VirtualButtonsForUnity/VirtualButtonsForUnity/Sprites/directional-y.png
  artifactKey: Guid(7511b9f86b8092342a3d62fb936c51c1) Importer(2089858483,0ecaa5967403d082aa24f35e1b516d23)
Start importing Assets/VirtualButtonsForUnity/VirtualButtonsForUnity/Sprites/directional-y.png using Guid(7511b9f86b8092342a3d62fb936c51c1) Importer(2089858483,0ecaa5967403d082aa24f35e1b516d23)  -> (artifact id: 'e526c8a14145dceffbb6ce8413d234b5') in 0.010920 seconds
Number of updated asset objects reloaded before import = 0
Number of asset objects unloaded after import = 3
========================================================================
Received Import Request.
  Time since last request: 0.000035 seconds.
  path: Assets/Joystick Pack/Sprites/Handles/Handle_Outline_Arrows.png
  artifactKey: Guid(5eda94a9dcf71e445ad17e3c065d1460) Importer(2089858483,0ecaa5967403d082aa24f35e1b516d23)
Start importing Assets/Joystick Pack/Sprites/Handles/Handle_Outline_Arrows.png using Guid(5eda94a9dcf71e445ad17e3c065d1460) Importer(2089858483,0ecaa5967403d082aa24f35e1b516d23)  -> (artifact id: '3a3059aed089a3c26906f2b82d03e2a1') in 0.009931 seconds
Number of updated asset objects reloaded before import = 0
Number of asset objects unloaded after import = 3
========================================================================
Received Import Request.
  Time since last request: 0.000054 seconds.
  path: Assets/Joystick Pack/Sprites/Vertical Backgrounds/Vertical_Plain.png
  artifactKey: Guid(ab6db91373811284caeba2e9472fa9c2) Importer(2089858483,0ecaa5967403d082aa24f35e1b516d23)
Start importing Assets/Joystick Pack/Sprites/Vertical Backgrounds/Vertical_Plain.png using Guid(ab6db91373811284caeba2e9472fa9c2) Importer(2089858483,0ecaa5967403d082aa24f35e1b516d23)  -> (artifact id: '8b01e48152cd6e62580b5c97fdbfa651') in 0.010931 seconds
Number of updated asset objects reloaded before import = 0
Number of asset objects unloaded after import = 3
========================================================================
Received Import Request.
  Time since last request: 0.000033 seconds.
  path: Assets/Joystick Pack/Scripts/Editor/JoystickEditor.cs
  artifactKey: Guid(d4b2b0d911a01a64ebfca9918e2b90b4) Importer(2089858483,0ecaa5967403d082aa24f35e1b516d23)
Start importing Assets/Joystick Pack/Scripts/Editor/JoystickEditor.cs using Guid(d4b2b0d911a01a64ebfca9918e2b90b4) Importer(2089858483,0ecaa5967403d082aa24f35e1b516d23)  -> (artifact id: 'b9a7ad573eae42fd789f03553105d6a3') in 0.001976 seconds
Number of updated asset objects reloaded before import = 0
Number of asset objects unloaded after import = 1
========================================================================
Received Import Request.
  Time since last request: 0.000200 seconds.
  path: Assets/Materials/yellow.mat
  artifactKey: Guid(017f89fbb7e4c964caec791eb609c49d) Importer(2089858483,0ecaa5967403d082aa24f35e1b516d23)
Start importing Assets/Materials/yellow.mat using Guid(017f89fbb7e4c964caec791eb609c49d) Importer(2089858483,0ecaa5967403d082aa24f35e1b516d23)  -> (artifact id: 'ecd82fec453b351466bb73da7eb2cd74') in 0.002084 seconds
Number of updated asset objects reloaded before import = 0
Number of asset objects unloaded after import = 1
========================================================================
Received Import Request.
  Time since last request: 0.000049 seconds.
  path: Assets/VirtualButtonsForUnity/VirtualButtonsForUnity/Scripts/VirtualJoystickFloating.cs
  artifactKey: Guid(54ae418ed01fd513d96455d6356e49bc) Importer(2089858483,0ecaa5967403d082aa24f35e1b516d23)
Start importing Assets/VirtualButtonsForUnity/VirtualButtonsForUnity/Scripts/VirtualJoystickFloating.cs using Guid(54ae418ed01fd513d96455d6356e49bc) Importer(2089858483,0ecaa5967403d082aa24f35e1b516d23)  -> (artifact id: '4a74557aa50cf6a4fb4d2d32a236b130') in 0.002664 seconds
Number of updated asset objects reloaded before import = 0
Number of asset objects unloaded after import = 1
========================================================================
Received Import Request.
  Time since last request: 0.000057 seconds.
  path: Assets/VirtualButtonsForUnity/VirtualButtonsForUnity/Sprites/circle-border.png
  artifactKey: Guid(0292bb946198207e9b17503e15966465) Importer(2089858483,0ecaa5967403d082aa24f35e1b516d23)
Start importing Assets/VirtualButtonsForUnity/VirtualButtonsForUnity/Sprites/circle-border.png using Guid(0292bb946198207e9b17503e15966465) Importer(2089858483,0ecaa5967403d082aa24f35e1b516d23)  -> (artifact id: '343b8808f077b344d009637879fd0981') in 0.009237 seconds
Number of updated asset objects reloaded before import = 0
Number of asset objects unloaded after import = 3
========================================================================
Received Import Request.
  Time since last request: 0.000034 seconds.
  path: Assets/VirtualButtonsForUnity/VirtualButtonsForUnity/Scripts/VirtualButtonsScripts.asmdef
  artifactKey: Guid(8b98e6aa87e2353b59a8ef18a76c8fb0) Importer(2089858483,0ecaa5967403d082aa24f35e1b516d23)
Start importing Assets/VirtualButtonsForUnity/VirtualButtonsForUnity/Scripts/VirtualButtonsScripts.asmdef using Guid(8b98e6aa87e2353b59a8ef18a76c8fb0) Importer(2089858483,0ecaa5967403d082aa24f35e1b516d23)  -> (artifact id: 'a28bffa96e6e16ed44104378aafff85c') in 0.002172 seconds
Number of updated asset objects reloaded before import = 0
Number of asset objects unloaded after import = 1
========================================================================
Received Import Request.
  Time since last request: 0.000064 seconds.
  path: Assets/Joystick Pack/Scripts/Base/Joystick.cs
  artifactKey: Guid(b9fca4100a7477741b3973b4ff2c405f) Importer(2089858483,0ecaa5967403d082aa24f35e1b516d23)
Start importing Assets/Joystick Pack/Scripts/Base/Joystick.cs using Guid(b9fca4100a7477741b3973b4ff2c405f) Importer(2089858483,0ecaa5967403d082aa24f35e1b516d23)  -> (artifact id: '7d6fcfc55ef49e375dee6bcaea957625') in 0.002705 seconds
Number of updated asset objects reloaded before import = 0
Number of asset objects unloaded after import = 1
========================================================================
Received Import Request.
  Time since last request: 0.000050 seconds.
  path: Assets/Joystick Pack/Scripts/Joysticks/FloatingJoystick.cs
  artifactKey: Guid(7a47f546fc70ec8428172694e78e4288) Importer(2089858483,0ecaa5967403d082aa24f35e1b516d23)
Start importing Assets/Joystick Pack/Scripts/Joysticks/FloatingJoystick.cs using Guid(7a47f546fc70ec8428172694e78e4288) Importer(2089858483,0ecaa5967403d082aa24f35e1b516d23)  -> (artifact id: 'e3f0fd7b28b8de7647a3c068a8966225') in 0.001881 seconds
Number of updated asset objects reloaded before import = 0
Number of asset objects unloaded after import = 1
========================================================================
Received Import Request.
  Time since last request: 0.000048 seconds.
  path: Assets/Joystick Pack/Sprites/Horizontal Backgrounds/Horizontal_Ridged.png
  artifactKey: Guid(6304ad603f150b649b764d29bbc2a87b) Importer(2089858483,0ecaa5967403d082aa24f35e1b516d23)
Start importing Assets/Joystick Pack/Sprites/Horizontal Backgrounds/Horizontal_Ridged.png using Guid(6304ad603f150b649b764d29bbc2a87b) Importer(2089858483,0ecaa5967403d082aa24f35e1b516d23)  -> (artifact id: '16a7455ad27959afc3d4a996a77dfee8') in 0.009774 seconds
Number of updated asset objects reloaded before import = 0
Number of asset objects unloaded after import = 3
========================================================================
Received Import Request.
  Time since last request: 0.000057 seconds.
  path: Assets/Joystick Pack/Scripts/Joysticks/FixedJoystick.cs
  artifactKey: Guid(45977bbae16431c46a013576a1aea384) Importer(2089858483,0ecaa5967403d082aa24f35e1b516d23)
Start importing Assets/Joystick Pack/Scripts/Joysticks/FixedJoystick.cs using Guid(45977bbae16431c46a013576a1aea384) Importer(2089858483,0ecaa5967403d082aa24f35e1b516d23)  -> (artifact id: 'ccaec8f79c0a17776d4eca8a993a83d3') in 0.002005 seconds
Number of updated asset objects reloaded before import = 0
Number of asset objects unloaded after import = 1
========================================================================
Received Import Request.
  Time since last request: 0.000114 seconds.
  path: Assets/VirtualButtonsForUnity/VirtualButtonsForUnity/Scripts/VirtualJoystick.cs
  artifactKey: Guid(2054e083065b45bd59e2feb7c28e6840) Importer(2089858483,0ecaa5967403d082aa24f35e1b516d23)
Start importing Assets/VirtualButtonsForUnity/VirtualButtonsForUnity/Scripts/VirtualJoystick.cs using Guid(2054e083065b45bd59e2feb7c28e6840) Importer(2089858483,0ecaa5967403d082aa24f35e1b516d23)  -> (artifact id: '47664f37eec9ba6f6d2b496304b66d30') in 0.001917 seconds
Number of updated asset objects reloaded before import = 0
Number of asset objects unloaded after import = 1
========================================================================
Received Import Request.
  Time since last request: 0.000060 seconds.
  path: Assets/Joystick Pack/Examples/Ground.mat
  artifactKey: Guid(c569c280f0eb52a49a7b2a6b8b0cbcf8) Importer(2089858483,0ecaa5967403d082aa24f35e1b516d23)
Start importing Assets/Joystick Pack/Examples/Ground.mat using Guid(c569c280f0eb52a49a7b2a6b8b0cbcf8) Importer(2089858483,0ecaa5967403d082aa24f35e1b516d23)  -> (artifact id: 'ad87f9f3790345e99981a14705af5047') in 0.002003 seconds
Number of updated asset objects reloaded before import = 0
Number of asset objects unloaded after import = 1
========================================================================
Received Import Request.
  Time since last request: 0.000080 seconds.
  path: Assets/Joystick Pack/Scripts/Editor/DynamicJoystickEditor.cs
  artifactKey: Guid(52071c88a467b46438b3cbf159bf988b) Importer(2089858483,0ecaa5967403d082aa24f35e1b516d23)
Start importing Assets/Joystick Pack/Scripts/Editor/DynamicJoystickEditor.cs using Guid(52071c88a467b46438b3cbf159bf988b) Importer(2089858483,0ecaa5967403d082aa24f35e1b516d23)  -> (artifact id: '7ae4ef40fd77a6be9b390a3e3bdcca4c') in 0.002859 seconds
Number of updated asset objects reloaded before import = 0
Number of asset objects unloaded after import = 1
========================================================================
Received Import Request.
  Time since last request: 0.000058 seconds.
  path: Assets/VirtualButtonsForUnity/VirtualButtonsForUnity/Examples/Scripts/VirtualButtonsExamplesScripts.asmref
  artifactKey: Guid(77089f22a3b6a36d3936a3eb16cb2246) Importer(2089858483,0ecaa5967403d082aa24f35e1b516d23)
Start importing Assets/VirtualButtonsForUnity/VirtualButtonsForUnity/Examples/Scripts/VirtualButtonsExamplesScripts.asmref using Guid(77089f22a3b6a36d3936a3eb16cb2246) Importer(2089858483,0ecaa5967403d082aa24f35e1b516d23)  -> (artifact id: '55218cac15c00edb8601d2fd94df8213') in 0.002090 seconds
Number of updated asset objects reloaded before import = 0
Number of asset objects unloaded after import = 1
========================================================================
Received Import Request.
  Time since last request: 0.000051 seconds.
  path: Assets/VirtualButtonsForUnity/VirtualButtonsForUnity/package.json
  artifactKey: Guid(0ed6cdd4e5e5e4739bc06c875f597b61) Importer(2089858483,0ecaa5967403d082aa24f35e1b516d23)
Start importing Assets/VirtualButtonsForUnity/VirtualButtonsForUnity/package.json using Guid(0ed6cdd4e5e5e4739bc06c875f597b61) Importer(2089858483,0ecaa5967403d082aa24f35e1b516d23)  -> (artifact id: '9220dd4b20f65d6d38b1e538d2f2dfa1') in 0.001624 seconds
Number of updated asset objects reloaded before import = 0
Number of asset objects unloaded after import = 1
========================================================================
Received Import Request.
  Time since last request: 0.000077 seconds.
  path: Assets/Joystick Pack/Examples/Example Scene.unity
  artifactKey: Guid(414bddd31c5ea4f4c9f5d1452e5bbb41) Importer(2089858483,0ecaa5967403d082aa24f35e1b516d23)
Start importing Assets/Joystick Pack/Examples/Example Scene.unity using Guid(414bddd31c5ea4f4c9f5d1452e5bbb41) Importer(2089858483,0ecaa5967403d082aa24f35e1b516d23)  -> (artifact id: 'ed8d7d6b82749ddc5d3a370e398f3d5f') in 0.001093 seconds
Number of updated asset objects reloaded before import = 0
Number of asset objects unloaded after import = 1
========================================================================
Received Import Request.
  Time since last request: 0.000051 seconds.
  path: Assets/Joystick Pack/Sprites/Horizontal Backgrounds/Horizontal_Plain_Arrows.png
  artifactKey: Guid(c8585b68a92b5d440992ddd7d1b1a3d6) Importer(2089858483,0ecaa5967403d082aa24f35e1b516d23)
Start importing Assets/Joystick Pack/Sprites/Horizontal Backgrounds/Horizontal_Plain_Arrows.png using Guid(c8585b68a92b5d440992ddd7d1b1a3d6) Importer(2089858483,0ecaa5967403d082aa24f35e1b516d23)  -> (artifact id: 'fa6a0fce58b56046506cb422742ef331') in 0.009765 seconds
Number of updated asset objects reloaded before import = 0
Number of asset objects unloaded after import = 3
========================================================================
Received Import Request.
  Time since last request: 0.000037 seconds.
  path: Assets/Joystick Pack/Sprites/Handles/Handle_Ridged_Arrows.png
  artifactKey: Guid(a6c56474666ce0647bdb766e9b4764b3) Importer(2089858483,0ecaa5967403d082aa24f35e1b516d23)
Start importing Assets/Joystick Pack/Sprites/Handles/Handle_Ridged_Arrows.png using Guid(a6c56474666ce0647bdb766e9b4764b3) Importer(2089858483,0ecaa5967403d082aa24f35e1b516d23)  -> (artifact id: '3beb54b2f7fc5d2454db0e57df0959c7') in 0.010334 seconds
Number of updated asset objects reloaded before import = 0
Number of asset objects unloaded after import = 3
========================================================================
Received Import Request.
  Time since last request: 0.000047 seconds.
  path: Assets/VirtualButtonsForUnity/VirtualButtonsForUnity/Scripts/VirtualDPad.cs
  artifactKey: Guid(8a412b7ad262882a48bb3cdbb170e2f0) Importer(2089858483,0ecaa5967403d082aa24f35e1b516d23)
Start importing Assets/VirtualButtonsForUnity/VirtualButtonsForUnity/Scripts/VirtualDPad.cs using Guid(8a412b7ad262882a48bb3cdbb170e2f0) Importer(2089858483,0ecaa5967403d082aa24f35e1b516d23)  -> (artifact id: '6971ccf80798d4639680dda23323b9f6') in 0.002640 seconds
Number of updated asset objects reloaded before import = 0
Number of asset objects unloaded after import = 1
========================================================================
Received Import Request.
  Time since last request: 0.000049 seconds.
  path: Assets/prefabs/destroyed/BrokenSphere.prefab
  artifactKey: Guid(63ffad0260c5b8c4e94b0b30afd306af) Importer(2089858483,0ecaa5967403d082aa24f35e1b516d23)
Start importing Assets/prefabs/destroyed/BrokenSphere.prefab using Guid(63ffad0260c5b8c4e94b0b30afd306af) Importer(2089858483,0ecaa5967403d082aa24f35e1b516d23)  -> (artifact id: 'f5f09635cfca771e6e67f6d148d9657d') in 0.003427 seconds
Number of updated asset objects reloaded before import = 0
Number of asset objects unloaded after import = 163
========================================================================
Received Import Request.
  Time since last request: 0.000031 seconds.
  path: Assets/Script/PyramidMeshGenerator.cs
  artifactKey: Guid(c6ce81e147eb6df4f8ca2ea012c4da58) Importer(2089858483,0ecaa5967403d082aa24f35e1b516d23)
Start importing Assets/Script/PyramidMeshGenerator.cs using Guid(c6ce81e147eb6df4f8ca2ea012c4da58) Importer(2089858483,0ecaa5967403d082aa24f35e1b516d23)  -> (artifact id: '666273ae89c7e6666009c423c80a68ef') in 0.002207 seconds
Number of updated asset objects reloaded before import = 0
Number of asset objects unloaded after import = 1
========================================================================
Received Import Request.
  Time since last request: 0.000112 seconds.
  path: Assets/Resources/game_config.json
  artifactKey: Guid(8a3ca223997e2384f992ac0fd0bb87c7) Importer(2089858483,0ecaa5967403d082aa24f35e1b516d23)
Start importing Assets/Resources/game_config.json using Guid(8a3ca223997e2384f992ac0fd0bb87c7) Importer(2089858483,0ecaa5967403d082aa24f35e1b516d23)  -> (artifact id: 'e79709d3d9798654ec251829a4a88d0b') in 0.001481 seconds
Number of updated asset objects reloaded before import = 0
Number of asset objects unloaded after import = 1
========================================================================
Received Import Request.
  Time since last request: 0.000075 seconds.
  path: Assets/Materials/black.mat
  artifactKey: Guid(27b9c656d9147dc4d9f073ebcae882ac) Importer(2089858483,0ecaa5967403d082aa24f35e1b516d23)
Start importing Assets/Materials/black.mat using Guid(27b9c656d9147dc4d9f073ebcae882ac) Importer(2089858483,0ecaa5967403d082aa24f35e1b516d23)  -> (artifact id: '3717f3b3e75bb63dd34b30bc8eba3791') in 0.002762 seconds
Number of updated asset objects reloaded before import = 0
Number of asset objects unloaded after import = 1
========================================================================
Received Import Request.
  Time since last request: 0.000074 seconds.
  path: Assets/VirtualButtonsForUnity/VirtualButtonsForUnity/Scripts/VirtualButton.cs
  artifactKey: Guid(ed2f7e1ca694477a5a5f9f0d35c6d395) Importer(2089858483,0ecaa5967403d082aa24f35e1b516d23)
Start importing Assets/VirtualButtonsForUnity/VirtualButtonsForUnity/Scripts/VirtualButton.cs using Guid(ed2f7e1ca694477a5a5f9f0d35c6d395) Importer(2089858483,0ecaa5967403d082aa24f35e1b516d23)  -> (artifact id: '7055067e350145bfb2d908dc4a0359ff') in 0.001791 seconds
Number of updated asset objects reloaded before import = 0
Number of asset objects unloaded after import = 1
========================================================================
Received Import Request.
  Time since last request: 0.000069 seconds.
  path: Assets/VirtualButtonsForUnity/VirtualButtonsForUnity/Examples/Scripts/PlayerActionsExample.inputactions
  artifactKey: Guid(fb82ed5b27fefcf5ca931ab7256e6b51) Importer(2089858483,0ecaa5967403d082aa24f35e1b516d23)
Start importing Assets/VirtualButtonsForUnity/VirtualButtonsForUnity/Examples/Scripts/PlayerActionsExample.inputactions using Guid(fb82ed5b27fefcf5ca931ab7256e6b51) Importer(2089858483,0ecaa5967403d082aa24f35e1b516d23)  -> (artifact id: 'f08d5b517af48e60c1e6d0fd8a42d730') in 0.011296 seconds
Number of updated asset objects reloaded before import = 0
Number of asset objects unloaded after import = 5
========================================================================
Received Import Request.
  Time since last request: 0.000060 seconds.
  path: Assets/Joystick Pack/Sprites/Horizontal Backgrounds/Horizontal_Plain.png
  artifactKey: Guid(097782735540f2d4db5606eae04ae6a7) Importer(2089858483,0ecaa5967403d082aa24f35e1b516d23)
Start importing Assets/Joystick Pack/Sprites/Horizontal Backgrounds/Horizontal_Plain.png using Guid(097782735540f2d4db5606eae04ae6a7) Importer(2089858483,0ecaa5967403d082aa24f35e1b516d23)  -> (artifact id: 'd8c25ca9aff4c52b8b352a150d71fac0') in 0.010535 seconds
Number of updated asset objects reloaded before import = 0
Number of asset objects unloaded after import = 3
========================================================================
Received Import Request.
  Time since last request: 0.000058 seconds.
  path: Assets/Joystick Pack/Examples/JoystickSetterExample.cs
  artifactKey: Guid(3d73bf03f88f371469fd7b43fc97d77e) Importer(2089858483,0ecaa5967403d082aa24f35e1b516d23)
Start importing Assets/Joystick Pack/Examples/JoystickSetterExample.cs using Guid(3d73bf03f88f371469fd7b43fc97d77e) Importer(2089858483,0ecaa5967403d082aa24f35e1b516d23)  -> (artifact id: '71b5941e667404f05f52e109ac005f91') in 0.001980 seconds
Number of updated asset objects reloaded before import = 0
Number of asset objects unloaded after import = 1
========================================================================
Received Import Request.
  Time since last request: 0.000047 seconds.
  path: Assets/VirtualButtonsForUnity/VirtualButtonsForUnity/Sprites/directional-x.png
  artifactKey: Guid(d3fd5bb7b3dd860a8948182a7ce8bba8) Importer(2089858483,0ecaa5967403d082aa24f35e1b516d23)
Start importing Assets/VirtualButtonsForUnity/VirtualButtonsForUnity/Sprites/directional-x.png using Guid(d3fd5bb7b3dd860a8948182a7ce8bba8) Importer(2089858483,0ecaa5967403d082aa24f35e1b516d23)  -> (artifact id: '316fa136347382af229910b5a9bdad79') in 0.010860 seconds
Number of updated asset objects reloaded before import = 0
Number of asset objects unloaded after import = 3
========================================================================
Received Import Request.
  Time since last request: 0.000099 seconds.
  path: Assets/Joystick Pack/Examples/Player.mat
  artifactKey: Guid(59e4faf24927edf4a82f463ad16f1c37) Importer(2089858483,0ecaa5967403d082aa24f35e1b516d23)
Start importing Assets/Joystick Pack/Examples/Player.mat using Guid(59e4faf24927edf4a82f463ad16f1c37) Importer(2089858483,0ecaa5967403d082aa24f35e1b516d23)  -> (artifact id: 'aa93955cb6819e5fcaf7f730e57bd264') in 0.002247 seconds
Number of updated asset objects reloaded before import = 0
Number of asset objects unloaded after import = 1
========================================================================
Received Import Request.
  Time since last request: 0.000067 seconds.
  path: Assets/Materials/grey.mat
  artifactKey: Guid(3f9e995be35ae3d45a85a2a6cece3727) Importer(2089858483,0ecaa5967403d082aa24f35e1b516d23)
Start importing Assets/Materials/grey.mat using Guid(3f9e995be35ae3d45a85a2a6cece3727) Importer(2089858483,0ecaa5967403d082aa24f35e1b516d23)  -> (artifact id: 'b859c8a604b6e9c42c4df4ef8c31e978') in 0.002255 seconds
Number of updated asset objects reloaded before import = 0
Number of asset objects unloaded after import = 1
========================================================================
Received Import Request.
  Time since last request: 0.000067 seconds.
  path: Assets/prefabs/destroyed/original.prefab
  artifactKey: Guid(0510af61eb03cce42b8e164a7ea0f34e) Importer(2089858483,0ecaa5967403d082aa24f35e1b516d23)
Start importing Assets/prefabs/destroyed/original.prefab using Guid(0510af61eb03cce42b8e164a7ea0f34e) Importer(2089858483,0ecaa5967403d082aa24f35e1b516d23)  -> (artifact id: '753c712de0412f1a21a7b75c8bfe016d') in 0.006688 seconds
Number of updated asset objects reloaded before import = 0
Number of asset objects unloaded after import = 714
========================================================================
Received Import Request.
  Time since last request: 0.000031 seconds.
  path: Assets/Joystick Pack/Sprites/Handles/Handle_Ridged.png
  artifactKey: Guid(3a74f678ee8f3bd49aacf3de1ae4bcaa) Importer(2089858483,0ecaa5967403d082aa24f35e1b516d23)
Start importing Assets/Joystick Pack/Sprites/Handles/Handle_Ridged.png using Guid(3a74f678ee8f3bd49aacf3de1ae4bcaa) Importer(2089858483,0ecaa5967403d082aa24f35e1b516d23)  -> (artifact id: 'd8cf9e78fbd127ecbd6e6c75e2ec1405') in 0.009617 seconds
Number of updated asset objects reloaded before import = 0
Number of asset objects unloaded after import = 3
========================================================================
Received Import Request.
  Time since last request: 0.000056 seconds.
  path: Assets/Joystick Pack/Sprites/Vertical Backgrounds/Vertical_Ridged_Arrows.png
  artifactKey: Guid(9332cf0d233636a40a024382720294a3) Importer(2089858483,0ecaa5967403d082aa24f35e1b516d23)
Start importing Assets/Joystick Pack/Sprites/Vertical Backgrounds/Vertical_Ridged_Arrows.png using Guid(9332cf0d233636a40a024382720294a3) Importer(2089858483,0ecaa5967403d082aa24f35e1b516d23)  -> (artifact id: 'c45265cb0e3a988ab856918cd96be931') in 0.010230 seconds
Number of updated asset objects reloaded before import = 0
Number of asset objects unloaded after import = 3
========================================================================
Received Import Request.
  Time since last request: 0.000087 seconds.
  path: Assets/SoundEffect/mixkit-air-in-a-hit-2161.wav
  artifactKey: Guid(0de64e1c831afcd4995ca9848ca36bdc) Importer(2089858483,0ecaa5967403d082aa24f35e1b516d23)
Start importing Assets/SoundEffect/mixkit-air-in-a-hit-2161.wav using Guid(0de64e1c831afcd4995ca9848ca36bdc) Importer(2089858483,0ecaa5967403d082aa24f35e1b516d23)  -> (artifact id: '378140408294d859bb7c2b18be9fd458') in 0.030054 seconds
Number of updated asset objects reloaded before import = 0
Number of asset objects unloaded after import = 1
========================================================================
Received Import Request.
  Time since last request: 0.000122 seconds.
  path: Assets/Joystick Pack/Sprites/Vertical Backgrounds/Vertical_Outline.png
  artifactKey: Guid(f054197ef28924b4986cbd91de2ab054) Importer(2089858483,0ecaa5967403d082aa24f35e1b516d23)
Start importing Assets/Joystick Pack/Sprites/Vertical Backgrounds/Vertical_Outline.png using Guid(f054197ef28924b4986cbd91de2ab054) Importer(2089858483,0ecaa5967403d082aa24f35e1b516d23)  -> (artifact id: '79c3c9d1db325837e211bae05f096fb1') in 0.009407 seconds
Number of updated asset objects reloaded before import = 0
Number of asset objects unloaded after import = 3
========================================================================
Received Import Request.
  Time since last request: 0.000045 seconds.
  path: Assets/VirtualButtonsForUnity/VirtualButtonsForUnity/Documentaion.pdf
  artifactKey: Guid(1eed024dba03d489a9ee2efdf40bedf3) Importer(2089858483,0ecaa5967403d082aa24f35e1b516d23)
Start importing Assets/VirtualButtonsForUnity/VirtualButtonsForUnity/Documentaion.pdf using Guid(1eed024dba03d489a9ee2efdf40bedf3) Importer(2089858483,0ecaa5967403d082aa24f35e1b516d23)  -> (artifact id: '92a8d703f2b5e798215fc539313a74e5') in 0.001369 seconds
Number of updated asset objects reloaded before import = 0
Number of asset objects unloaded after import = 1
========================================================================
Received Import Request.
  Time since last request: 0.000064 seconds.
  path: Assets/VirtualButtonsForUnity/VirtualButtonsForUnity/Prefabs/DPad.prefab
  artifactKey: Guid(13669504b50c96f3e8e7229e098eff75) Importer(2089858483,0ecaa5967403d082aa24f35e1b516d23)
Start importing Assets/VirtualButtonsForUnity/VirtualButtonsForUnity/Prefabs/DPad.prefab using Guid(13669504b50c96f3e8e7229e098eff75) Importer(2089858483,0ecaa5967403d082aa24f35e1b516d23)  -> (artifact id: 'c165a4cd4881e7030747945718c76652') in 0.005518 seconds
Number of updated asset objects reloaded before import = 0
Number of asset objects unloaded after import = 14
========================================================================
Received Import Request.
  Time since last request: 0.000032 seconds.
  path: Assets/prefabs/Cube.mat
  artifactKey: Guid(7f0a260206a3abd4694f0bcec901adf9) Importer(2089858483,0ecaa5967403d082aa24f35e1b516d23)
Start importing Assets/prefabs/Cube.mat using Guid(7f0a260206a3abd4694f0bcec901adf9) Importer(2089858483,0ecaa5967403d082aa24f35e1b516d23)  -> (artifact id: 'dbc7222095c5dded845e8a54169bcdfa') in 0.002069 seconds
Number of updated asset objects reloaded before import = 0
Number of asset objects unloaded after import = 1
========================================================================
Received Import Request.
  Time since last request: 0.000063 seconds.
  path: Assets/Joystick Pack/Sprites/All Axis Backgrounds/AllAxis_Plain_Arrows.png
  artifactKey: Guid(2a1f3cba20f3e11498474a705db12fde) Importer(2089858483,0ecaa5967403d082aa24f35e1b516d23)
Start importing Assets/Joystick Pack/Sprites/All Axis Backgrounds/AllAxis_Plain_Arrows.png using Guid(2a1f3cba20f3e11498474a705db12fde) Importer(2089858483,0ecaa5967403d082aa24f35e1b516d23)  -> (artifact id: 'b27c7b7ca53af23b2c553fd3d0a3f229') in 0.009826 seconds
Number of updated asset objects reloaded before import = 0
Number of asset objects unloaded after import = 3
========================================================================
Received Import Request.
  Time since last request: 0.000051 seconds.
  path: Assets/Joystick Pack/Prefabs/Floating Joystick.prefab
  artifactKey: Guid(0d230cc8be529a542a08cb878ab14b18) Importer(2089858483,0ecaa5967403d082aa24f35e1b516d23)
Start importing Assets/Joystick Pack/Prefabs/Floating Joystick.prefab using Guid(0d230cc8be529a542a08cb878ab14b18) Importer(2089858483,0ecaa5967403d082aa24f35e1b516d23)  -> (artifact id: '46c7bbdaf2cbef3c64eb0359ba2c01be') in 0.005118 seconds
Number of updated asset objects reloaded before import = 0
Number of asset objects unloaded after import = 17
========================================================================
Received Import Request.
  Time since last request: 0.000025 seconds.
  path: Assets/Joystick Pack/Sprites/Handles/Handle_Plain.png
  artifactKey: Guid(010a6e5305fa7004f89c5d317b7b47d4) Importer(2089858483,0ecaa5967403d082aa24f35e1b516d23)
Start importing Assets/Joystick Pack/Sprites/Handles/Handle_Plain.png using Guid(010a6e5305fa7004f89c5d317b7b47d4) Importer(2089858483,0ecaa5967403d082aa24f35e1b516d23)  -> (artifact id: 'b603e4d8b76ff77560b3a6c6e8ab4daa') in 0.009476 seconds
Number of updated asset objects reloaded before import = 0
Number of asset objects unloaded after import = 3
========================================================================
Received Import Request.
  Time since last request: 0.000028 seconds.
  path: Assets/VirtualButtonsForUnity/VirtualButtonsForUnity/Examples/Materials/PlayerExample.mat
  artifactKey: Guid(b701fc732bfd6e76f8b81a2514e0753f) Importer(2089858483,0ecaa5967403d082aa24f35e1b516d23)
Start importing Assets/VirtualButtonsForUnity/VirtualButtonsForUnity/Examples/Materials/PlayerExample.mat using Guid(b701fc732bfd6e76f8b81a2514e0753f) Importer(2089858483,0ecaa5967403d082aa24f35e1b516d23)  -> (artifact id: 'c2798b974874085c3588447aab78cd48') in 0.002457 seconds
Number of updated asset objects reloaded before import = 0
Number of asset objects unloaded after import = 1
========================================================================
Received Prepare
Refreshing native plugins compatible for Editor in 3.09 ms, found 2 plugins.
Preloading 0 native plugins for Editor in 0.00 ms.
Unloading 0 Unused Serialized files (Serialized files now loaded: 0)
Unloading 1 unused Assets / (0.8 KB). Loaded Objects now: 3982.
Memory consumption went from 88.2 MB to 88.2 MB.
Total: 3.593625 ms (FindLiveObjects: 0.123625 ms CreateObjectMapping: 0.040750 ms MarkObjects: 3.406666 ms  DeleteObjects: 0.022000 ms)

Prepare: number of updated asset objects reloaded= 0
AssetImportParameters requested are different than current active one (requested -> active):
  custom:container-demuxer-ogg: 62fdf1f143b41e24485cea50d1cbac27 -> 
  custom:video-decoder-ogg-theora: a1e56fd34408186e4bbccfd4996cb3dc -> 
  custom:CustomObjectIndexerAttribute: 756ad292c208cfabdd7b50bc23989ffe -> 
  custom:container-demuxer-webm: 4f35f7cbe854078d1ac9338744f61a02 -> 
  custom:container-muxer-webm: aa71ff27fc2769a1b78a27578f13a17b -> 
  custom:video-decoder-webm-vp8: 9c59270c3fd7afecdb556c50c9e8de78 -> 
  custom:SearchIndexIgnoredProperties: e643bd26f0fe6173181afceb89e7c659 -> 
  custom:AudioImporter_EditorPlatform: 3918e3fc78b5a79bad01e8451be0beb8 -> 
  custom:framework-osx-AVFoundation: e770b220cccbd017edd2c1fefb359320 -> 
  custom:video-encoder-webm-vp8: eb34c28f22e8b96e1ab97ce403110664 -> 
  custom:audio-decoder-ogg-vorbis: bf7c407c2cedff20999df2af8eb42d56 -> 
  custom:audio-encoder-webm-vorbis: bf7c407c2cedff20999df2af8eb42d56 -> 
========================================================================
Received Prepare
Refreshing native plugins compatible for Editor in 2.11 ms, found 2 plugins.
Preloading 0 native plugins for Editor in 0.00 ms.
Unloading 1 Unused Serialized files (Serialized files now loaded: 0)
Unloading 1 unused Assets / (3.0 KB). Loaded Objects now: 3982.
Memory consumption went from 88.2 MB to 88.2 MB.
Total: 14.562584 ms (FindLiveObjects: 0.180541 ms CreateObjectMapping: 0.042792 ms MarkObjects: 14.277875 ms  DeleteObjects: 0.060625 ms)

Prepare: number of updated asset objects reloaded= 0
AssetImportParameters requested are different than current active one (requested -> active):
  custom:container-demuxer-ogg: 62fdf1f143b41e24485cea50d1cbac27 -> 
  custom:video-decoder-ogg-theora: a1e56fd34408186e4bbccfd4996cb3dc -> 
  custom:CustomObjectIndexerAttribute: 756ad292c208cfabdd7b50bc23989ffe -> 
  custom:container-demuxer-webm: 4f35f7cbe854078d1ac9338744f61a02 -> 
  custom:container-muxer-webm: aa71ff27fc2769a1b78a27578f13a17b -> 
  custom:video-decoder-webm-vp8: 9c59270c3fd7afecdb556c50c9e8de78 -> 
  custom:SearchIndexIgnoredProperties: e643bd26f0fe6173181afceb89e7c659 -> 
  custom:AudioImporter_EditorPlatform: 3918e3fc78b5a79bad01e8451be0beb8 -> 
  custom:framework-osx-AVFoundation: e770b220cccbd017edd2c1fefb359320 -> 
  custom:video-encoder-webm-vp8: eb34c28f22e8b96e1ab97ce403110664 -> 
  custom:audio-decoder-ogg-vorbis: bf7c407c2cedff20999df2af8eb42d56 -> 
  custom:audio-encoder-webm-vorbis: bf7c407c2cedff20999df2af8eb42d56 -> 
========================================================================
Received Prepare
Refreshing native plugins compatible for Editor in 0.85 ms, found 2 plugins.
Preloading 0 native plugins for Editor in 0.00 ms.
Unloading 1 Unused Serialized files (Serialized files now loaded: 0)
Unloading 1 unused Assets / (3.0 KB). Loaded Objects now: 3982.
Memory consumption went from 88.0 MB to 88.0 MB.
Total: 3.092000 ms (FindLiveObjects: 0.155208 ms CreateObjectMapping: 0.045417 ms MarkObjects: 2.863667 ms  DeleteObjects: 0.026666 ms)

Prepare: number of updated asset objects reloaded= 0
AssetImportParameters requested are different than current active one (requested -> active):
  custom:container-demuxer-ogg: 62fdf1f143b41e24485cea50d1cbac27 -> 
  custom:video-decoder-ogg-theora: a1e56fd34408186e4bbccfd4996cb3dc -> 
  custom:CustomObjectIndexerAttribute: 756ad292c208cfabdd7b50bc23989ffe -> 
  custom:container-demuxer-webm: 4f35f7cbe854078d1ac9338744f61a02 -> 
  custom:container-muxer-webm: aa71ff27fc2769a1b78a27578f13a17b -> 
  custom:video-decoder-webm-vp8: 9c59270c3fd7afecdb556c50c9e8de78 -> 
  custom:SearchIndexIgnoredProperties: e643bd26f0fe6173181afceb89e7c659 -> 
  custom:AudioImporter_EditorPlatform: 3918e3fc78b5a79bad01e8451be0beb8 -> 
  custom:framework-osx-AVFoundation: e770b220cccbd017edd2c1fefb359320 -> 
  custom:video-encoder-webm-vp8: eb34c28f22e8b96e1ab97ce403110664 -> 
  custom:audio-decoder-ogg-vorbis: bf7c407c2cedff20999df2af8eb42d56 -> 
  custom:audio-encoder-webm-vorbis: bf7c407c2cedff20999df2af8eb42d56 -> 
========================================================================
Received Prepare
Refreshing native plugins compatible for Editor in 1.89 ms, found 2 plugins.
Preloading 0 native plugins for Editor in 0.00 ms.
Unloading 1 Unused Serialized files (Serialized files now loaded: 0)
Unloading 1 unused Assets / (3.0 KB). Loaded Objects now: 3982.
Memory consumption went from 87.9 MB to 87.9 MB.
Total: 7.555583 ms (FindLiveObjects: 0.184791 ms CreateObjectMapping: 0.040875 ms MarkObjects: 7.281750 ms  DeleteObjects: 0.047500 ms)

Prepare: number of updated asset objects reloaded= 0
AssetImportParameters requested are different than current active one (requested -> active):
  custom:container-demuxer-ogg: 62fdf1f143b41e24485cea50d1cbac27 -> 
  custom:video-decoder-ogg-theora: a1e56fd34408186e4bbccfd4996cb3dc -> 
  custom:CustomObjectIndexerAttribute: 756ad292c208cfabdd7b50bc23989ffe -> 
  custom:container-demuxer-webm: 4f35f7cbe854078d1ac9338744f61a02 -> 
  custom:container-muxer-webm: aa71ff27fc2769a1b78a27578f13a17b -> 
  custom:video-decoder-webm-vp8: 9c59270c3fd7afecdb556c50c9e8de78 -> 
  custom:SearchIndexIgnoredProperties: e643bd26f0fe6173181afceb89e7c659 -> 
  custom:AudioImporter_EditorPlatform: 3918e3fc78b5a79bad01e8451be0beb8 -> 
  custom:framework-osx-AVFoundation: e770b220cccbd017edd2c1fefb359320 -> 
  custom:video-encoder-webm-vp8: eb34c28f22e8b96e1ab97ce403110664 -> 
  custom:audio-decoder-ogg-vorbis: bf7c407c2cedff20999df2af8eb42d56 -> 
  custom:audio-encoder-webm-vorbis: bf7c407c2cedff20999df2af8eb42d56 -> 
========================================================================
Received Prepare
Refreshing native plugins compatible for Editor in 0.87 ms, found 2 plugins.
Preloading 0 native plugins for Editor in 0.00 ms.
Unloading 1 Unused Serialized files (Serialized files now loaded: 0)
Unloading 1 unused Assets / (3.0 KB). Loaded Objects now: 3982.
Memory consumption went from 87.8 MB to 87.8 MB.
Total: 3.235000 ms (FindLiveObjects: 0.157958 ms CreateObjectMapping: 0.043708 ms MarkObjects: 3.012292 ms  DeleteObjects: 0.020250 ms)

Prepare: number of updated asset objects reloaded= 0
AssetImportParameters requested are different than current active one (requested -> active):
  custom:container-demuxer-ogg: 62fdf1f143b41e24485cea50d1cbac27 -> 
  custom:video-decoder-ogg-theora: a1e56fd34408186e4bbccfd4996cb3dc -> 
  custom:CustomObjectIndexerAttribute: 756ad292c208cfabdd7b50bc23989ffe -> 
  custom:container-demuxer-webm: 4f35f7cbe854078d1ac9338744f61a02 -> 
  custom:container-muxer-webm: aa71ff27fc2769a1b78a27578f13a17b -> 
  custom:video-decoder-webm-vp8: 9c59270c3fd7afecdb556c50c9e8de78 -> 
  custom:SearchIndexIgnoredProperties: e643bd26f0fe6173181afceb89e7c659 -> 
  custom:AudioImporter_EditorPlatform: 3918e3fc78b5a79bad01e8451be0beb8 -> 
  custom:framework-osx-AVFoundation: e770b220cccbd017edd2c1fefb359320 -> 
  custom:video-encoder-webm-vp8: eb34c28f22e8b96e1ab97ce403110664 -> 
  custom:audio-decoder-ogg-vorbis: bf7c407c2cedff20999df2af8eb42d56 -> 
  custom:audio-encoder-webm-vorbis: bf7c407c2cedff20999df2af8eb42d56 -> 
========================================================================
Received Prepare
Begin MonoManager ReloadAssembly
Thread 0x16f79f000 may have been prematurely finalized
Symbol file LoadedFromMemory doesn't match image /Users/arinsanghi/Downloads/game/Library/PackageCache/com.unity.visualscripting@1.8.0/Editor/VisualScripting.Core/Dependencies/YamlDotNet/Unity.VisualScripting.YamlDotNet.dll
Symbol file LoadedFromMemory doesn't match image /Users/arinsanghi/Downloads/game/Library/PackageCache/com.unity.visualscripting@1.8.0/Editor/VisualScripting.Core/Dependencies/DotNetZip/Unity.VisualScripting.IonicZip.dll
- Loaded All Assemblies, in  0.574 seconds
Refreshing native plugins compatible for Editor in 1.27 ms, found 2 plugins.
Native extension for Android target not found
Native extension for OSXStandalone target not found
Mono: successfully reloaded assembly
- Finished resetting the current domain, in  0.625 seconds
Domain Reload Profiling: 1199ms
	BeginReloadAssembly (172ms)
		ExecutionOrderSort (0ms)
		DisableScriptedObjects (5ms)
		BackupInstance (0ms)
		ReleaseScriptingObjects (0ms)
		CreateAndSetChildDomain (77ms)
	RebuildCommonClasses (21ms)
	RebuildNativeTypeToScriptingClass (8ms)
	initialDomainReloadingComplete (14ms)
	LoadAllAssembliesAndSetupDomain (359ms)
		LoadAssemblies (170ms)
		RebuildTransferFunctionScriptingTraits (0ms)
		AnalyzeDomain (246ms)
			TypeCache.Refresh (218ms)
				TypeCache.ScanAssembly (204ms)
			ScanForSourceGeneratedMonoScriptInfo (24ms)
			ResolveRequiredComponents (4ms)
	FinalizeReload (625ms)
		ReleaseScriptCaches (0ms)
		RebuildScriptCaches (0ms)
		SetupLoadedEditorAssemblies (204ms)
			LogAssemblyErrors (0ms)
			InitializePlatformSupportModulesInManaged (12ms)
			SetLoadedEditorAssemblies (3ms)
			RefreshPlugins (0ms)
			BeforeProcessingInitializeOnLoad (38ms)
			ProcessInitializeOnLoadAttributes (141ms)
			ProcessInitializeOnLoadMethodAttributes (9ms)
			AfterProcessingInitializeOnLoad (1ms)
			EditorAssembliesLoaded (0ms)
		ExecutionOrderSort2 (0ms)
		AwakeInstancesAfterBackupRestoration (3ms)
Refreshing native plugins compatible for Editor in 0.81 ms, found 2 plugins.
Preloading 0 native plugins for Editor in 0.00 ms.
Unloading 3501 Unused Serialized files (Serialized files now loaded: 0)
Unloading 23 unused Assets / (31.2 KB). Loaded Objects now: 3985.
Memory consumption went from 147.5 MB to 147.4 MB.
Total: 2.828834 ms (FindLiveObjects: 0.111750 ms CreateObjectMapping: 0.043041 ms MarkObjects: 2.610584 ms  DeleteObjects: 0.061542 ms)

Prepare: number of updated asset objects reloaded= 0
AssetImportParameters requested are different than current active one (requested -> active):
  custom:container-demuxer-ogg: 62fdf1f143b41e24485cea50d1cbac27 -> 
  custom:video-decoder-ogg-theora: a1e56fd34408186e4bbccfd4996cb3dc -> 
  custom:CustomObjectIndexerAttribute: 756ad292c208cfabdd7b50bc23989ffe -> 
  custom:container-demuxer-webm: 4f35f7cbe854078d1ac9338744f61a02 -> 
  custom:container-muxer-webm: aa71ff27fc2769a1b78a27578f13a17b -> 
  custom:video-decoder-webm-vp8: 9c59270c3fd7afecdb556c50c9e8de78 -> 
  custom:SearchIndexIgnoredProperties: e643bd26f0fe6173181afceb89e7c659 -> 
  custom:AudioImporter_EditorPlatform: 3918e3fc78b5a79bad01e8451be0beb8 -> 
  custom:framework-osx-AVFoundation: e770b220cccbd017edd2c1fefb359320 -> 
  custom:video-encoder-webm-vp8: eb34c28f22e8b96e1ab97ce403110664 -> 
  custom:audio-decoder-ogg-vorbis: bf7c407c2cedff20999df2af8eb42d56 -> 
  custom:audio-encoder-webm-vorbis: bf7c407c2cedff20999df2af8eb42d56 -> 
